<?xml version="1.0" encoding="UTF-8"?>
<testng-results ignored="0" total="146" passed="106" failed="40" skipped="0">
  <reporter-output>
  </reporter-output>
  <suite started-at="2026-04-26T12:59:32 IST" name="Suite" finished-at="2026-04-26T13:38:13 IST" duration-ms="2320370">
    <groups>
    </groups>
    <test started-at="2026-04-26T12:59:32 IST" name="AllTest" finished-at="2026-04-26T13:38:13 IST" duration-ms="2320370">
      <class name="com.Tests.ProductListingPageTest">
        <test-method is-config="true" signature="setup()[pri:0, instance:com.Tests.ProductListingPageTest@180e6ac4]" started-at="2026-04-26T13:05:09 IST" name="setup" finished-at="2026-04-26T13:05:13 IST" duration-ms="3758" status="PASS">
          <reporter-output>
          </reporter-output>
        </test-method> <!-- setup -->
        <test-method signature="toVerifyAgeFilerIsSelected()[pri:0, instance:com.Tests.ProductListingPageTest@180e6ac4]" started-at="2026-04-26T13:05:13 IST" name="toVerifyAgeFilerIsSelected" finished-at="2026-04-26T13:05:15 IST" duration-ms="2645" status="PASS">
          <reporter-output>
          </reporter-output>
        </test-method> <!-- toVerifyAgeFilerIsSelected -->
        <test-method is-config="true" signature="closeBrowser()[pri:0, instance:com.Tests.ProductListingPageTest@180e6ac4]" started-at="2026-04-26T13:05:15 IST" name="closeBrowser" finished-at="2026-04-26T13:05:16 IST" duration-ms="293" status="PASS">
          <reporter-output>
          </reporter-output>
        </test-method> <!-- closeBrowser -->
        <test-method is-config="true" signature="setup()[pri:0, instance:com.Tests.ProductListingPageTest@180e6ac4]" started-at="2026-04-26T13:05:16 IST" name="setup" finished-at="2026-04-26T13:05:19 IST" duration-ms="3667" status="PASS">
          <reporter-output>
          </reporter-output>
        </test-method> <!-- setup -->
        <test-method signature="toVerifyAppliedCategoryFiltersIsWorking(java.lang.String)[pri:0, instance:com.Tests.ProductListingPageTest@180e6ac4]" started-at="2026-04-26T13:05:19 IST" name="toVerifyAppliedCategoryFiltersIsWorking" data-provider="Category" finished-at="2026-04-26T13:05:22 IST" duration-ms="2820" status="PASS">
          <params>
            <param index="0">
              <value>
                <![CDATA[Aprons]]>
              </value>
            </param>
          </params>
          <reporter-output>
          </reporter-output>
        </test-method> <!-- toVerifyAppliedCategoryFiltersIsWorking -->
        <test-method is-config="true" signature="closeBrowser()[pri:0, instance:com.Tests.ProductListingPageTest@180e6ac4]" started-at="2026-04-26T13:05:22 IST" name="closeBrowser" finished-at="2026-04-26T13:05:22 IST" duration-ms="225" status="PASS">
          <reporter-output>
          </reporter-output>
        </test-method> <!-- closeBrowser -->
        <test-method is-config="true" signature="setup()[pri:0, instance:com.Tests.ProductListingPageTest@180e6ac4]" started-at="2026-04-26T13:05:22 IST" name="setup" finished-at="2026-04-26T13:05:25 IST" duration-ms="2321" status="PASS">
          <reporter-output>
          </reporter-output>
        </test-method> <!-- setup -->
        <test-method signature="toVerifyAppliedCategoryFiltersIsWorking(java.lang.String)[pri:0, instance:com.Tests.ProductListingPageTest@180e6ac4]" started-at="2026-04-26T13:05:25 IST" name="toVerifyAppliedCategoryFiltersIsWorking" data-provider="Category" finished-at="2026-04-26T13:05:28 IST" duration-ms="3535" status="FAIL">
          <params>
            <param index="0">
              <value>
                <![CDATA[Activity Toys and Games]]>
              </value>
            </param>
          </params>
          <exception class="java.lang.AssertionError">
            <message>
              <![CDATA[URL does not contain the applied Category filter expected [true] but found [false]]]>
            </message>
            <full-stacktrace>
              <![CDATA[java.lang.AssertionError: URL does not contain the applied Category filter expected [true] but found [false]
at org.testng.Assert.fail(Assert.java:111)
at org.testng.Assert.failNotEquals(Assert.java:1590)
at org.testng.Assert.assertTrue(Assert.java:57)
at com.Tests.ProductListingPageTest.toVerifyAppliedCategoryFiltersIsWorking(ProductListingPageTest.java:135)
at java.base/jdk.internal.reflect.DirectMethodHandleAccessor.invoke(DirectMethodHandleAccessor.java:103)
at java.base/java.lang.reflect.Method.invoke(Method.java:580)
at org.testng.internal.invokers.MethodInvocationHelper.invokeMethod(MethodInvocationHelper.java:141)
at org.testng.internal.invokers.TestInvoker.invokeMethod(TestInvoker.java:687)
at org.testng.internal.invokers.TestInvoker.invokeTestMethod(TestInvoker.java:230)
at org.testng.internal.invokers.MethodRunner.runInSequence(MethodRunner.java:63)
at org.testng.internal.invokers.TestInvoker$MethodInvocationAgent.invoke(TestInvoker.java:995)
at org.testng.internal.invokers.TestInvoker.invokeTestMethods(TestInvoker.java:203)
at org.testng.internal.invokers.TestMethodWorker.invokeTestMethods(TestMethodWorker.java:154)
at org.testng.internal.invokers.TestMethodWorker.run(TestMethodWorker.java:134)
at java.base/java.util.ArrayList.forEach(ArrayList.java:1596)
at org.testng.TestRunner.privateRun(TestRunner.java:741)
at org.testng.TestRunner.run(TestRunner.java:616)
at org.testng.SuiteRunner.runTest(SuiteRunner.java:421)
at org.testng.SuiteRunner$SuiteWorker.run(SuiteRunner.java:463)
at org.testng.internal.thread.ThreadUtil.lambda$execute$0(ThreadUtil.java:64)
at java.base/java.util.concurrent.FutureTask.run(FutureTask.java:317)
at java.base/java.util.concurrent.ThreadPoolExecutor.runWorker(ThreadPoolExecutor.java:1144)
at java.base/java.util.concurrent.ThreadPoolExecutor$Worker.run(ThreadPoolExecutor.java:642)
at java.base/java.lang.Thread.run(Thread.java:1583)
]]>
            </full-stacktrace>
          </exception> <!-- java.lang.AssertionError -->
          <reporter-output>
          </reporter-output>
        </test-method> <!-- toVerifyAppliedCategoryFiltersIsWorking -->
        <test-method is-config="true" signature="closeBrowser()[pri:0, instance:com.Tests.ProductListingPageTest@180e6ac4]" started-at="2026-04-26T13:05:28 IST" name="closeBrowser" finished-at="2026-04-26T13:05:29 IST" duration-ms="290" status="PASS">
          <reporter-output>
          </reporter-output>
        </test-method> <!-- closeBrowser -->
        <test-method is-config="true" signature="setup()[pri:0, instance:com.Tests.ProductListingPageTest@180e6ac4]" started-at="2026-04-26T13:05:29 IST" name="setup" finished-at="2026-04-26T13:05:32 IST" duration-ms="3779" status="PASS">
          <reporter-output>
          </reporter-output>
        </test-method> <!-- setup -->
        <test-method signature="toVerifyAppliedCategoryFiltersIsWorking(java.lang.String)[pri:0, instance:com.Tests.ProductListingPageTest@180e6ac4]" started-at="2026-04-26T13:05:32 IST" name="toVerifyAppliedCategoryFiltersIsWorking" data-provider="Category" finished-at="2026-04-26T13:05:35 IST" duration-ms="2681" status="PASS">
          <params>
            <param index="0">
              <value>
                <![CDATA[Bedsheets]]>
              </value>
            </param>
          </params>
          <reporter-output>
          </reporter-output>
        </test-method> <!-- toVerifyAppliedCategoryFiltersIsWorking -->
        <test-method is-config="true" signature="closeBrowser()[pri:0, instance:com.Tests.ProductListingPageTest@180e6ac4]" started-at="2026-04-26T13:05:35 IST" name="closeBrowser" finished-at="2026-04-26T13:05:35 IST" duration-ms="187" status="PASS">
          <reporter-output>
          </reporter-output>
        </test-method> <!-- closeBrowser -->
        <test-method is-config="true" signature="setup()[pri:0, instance:com.Tests.ProductListingPageTest@180e6ac4]" started-at="2026-04-26T13:05:35 IST" name="setup" finished-at="2026-04-26T13:05:39 IST" duration-ms="3769" status="PASS">
          <reporter-output>
          </reporter-output>
        </test-method> <!-- setup -->
        <test-method signature="toVerifyAppliedCategoryFiltersIsWorking(java.lang.String)[pri:0, instance:com.Tests.ProductListingPageTest@180e6ac4]" started-at="2026-04-26T13:05:39 IST" name="toVerifyAppliedCategoryFiltersIsWorking" data-provider="Category" finished-at="2026-04-26T13:05:42 IST" duration-ms="2743" status="FAIL">
          <params>
            <param index="0">
              <value>
                <![CDATA[Blankets Quilts and Dohars]]>
              </value>
            </param>
          </params>
          <exception class="java.lang.AssertionError">
            <message>
              <![CDATA[URL does not contain the applied Category filter expected [true] but found [false]]]>
            </message>
            <full-stacktrace>
              <![CDATA[java.lang.AssertionError: URL does not contain the applied Category filter expected [true] but found [false]
at org.testng.Assert.fail(Assert.java:111)
at org.testng.Assert.failNotEquals(Assert.java:1590)
at org.testng.Assert.assertTrue(Assert.java:57)
at com.Tests.ProductListingPageTest.toVerifyAppliedCategoryFiltersIsWorking(ProductListingPageTest.java:135)
at java.base/jdk.internal.reflect.DirectMethodHandleAccessor.invoke(DirectMethodHandleAccessor.java:103)
at java.base/java.lang.reflect.Method.invoke(Method.java:580)
at org.testng.internal.invokers.MethodInvocationHelper.invokeMethod(MethodInvocationHelper.java:141)
at org.testng.internal.invokers.TestInvoker.invokeMethod(TestInvoker.java:687)
at org.testng.internal.invokers.TestInvoker.invokeTestMethod(TestInvoker.java:230)
at org.testng.internal.invokers.MethodRunner.runInSequence(MethodRunner.java:63)
at org.testng.internal.invokers.TestInvoker$MethodInvocationAgent.invoke(TestInvoker.java:995)
at org.testng.internal.invokers.TestInvoker.invokeTestMethods(TestInvoker.java:203)
at org.testng.internal.invokers.TestMethodWorker.invokeTestMethods(TestMethodWorker.java:154)
at org.testng.internal.invokers.TestMethodWorker.run(TestMethodWorker.java:134)
at java.base/java.util.ArrayList.forEach(ArrayList.java:1596)
at org.testng.TestRunner.privateRun(TestRunner.java:741)
at org.testng.TestRunner.run(TestRunner.java:616)
at org.testng.SuiteRunner.runTest(SuiteRunner.java:421)
at org.testng.SuiteRunner$SuiteWorker.run(SuiteRunner.java:463)
at org.testng.internal.thread.ThreadUtil.lambda$execute$0(ThreadUtil.java:64)
at java.base/java.util.concurrent.FutureTask.run(FutureTask.java:317)
at java.base/java.util.concurrent.ThreadPoolExecutor.runWorker(ThreadPoolExecutor.java:1144)
at java.base/java.util.concurrent.ThreadPoolExecutor$Worker.run(ThreadPoolExecutor.java:642)
at java.base/java.lang.Thread.run(Thread.java:1583)
]]>
            </full-stacktrace>
          </exception> <!-- java.lang.AssertionError -->
          <reporter-output>
          </reporter-output>
        </test-method> <!-- toVerifyAppliedCategoryFiltersIsWorking -->
        <test-method is-config="true" signature="closeBrowser()[pri:0, instance:com.Tests.ProductListingPageTest@180e6ac4]" started-at="2026-04-26T13:05:42 IST" name="closeBrowser" finished-at="2026-04-26T13:05:42 IST" duration-ms="252" status="PASS">
          <reporter-output>
          </reporter-output>
        </test-method> <!-- closeBrowser -->
        <test-method is-config="true" signature="setup()[pri:0, instance:com.Tests.ProductListingPageTest@180e6ac4]" started-at="2026-04-26T13:05:42 IST" name="setup" finished-at="2026-04-26T13:05:46 IST" duration-ms="3865" status="PASS">
          <reporter-output>
          </reporter-output>
        </test-method> <!-- setup -->
        <test-method signature="toVerifyAppliedCategoryFiltersIsWorking(java.lang.String)[pri:0, instance:com.Tests.ProductListingPageTest@180e6ac4]" started-at="2026-04-26T13:05:46 IST" name="toVerifyAppliedCategoryFiltersIsWorking" data-provider="Category" finished-at="2026-04-26T13:05:49 IST" duration-ms="2803" status="PASS">
          <params>
            <param index="0">
              <value>
                <![CDATA[Bodysuit]]>
              </value>
            </param>
          </params>
          <reporter-output>
          </reporter-output>
        </test-method> <!-- toVerifyAppliedCategoryFiltersIsWorking -->
        <test-method is-config="true" signature="closeBrowser()[pri:0, instance:com.Tests.ProductListingPageTest@180e6ac4]" started-at="2026-04-26T13:05:49 IST" name="closeBrowser" finished-at="2026-04-26T13:05:49 IST" duration-ms="253" status="PASS">
          <reporter-output>
          </reporter-output>
        </test-method> <!-- closeBrowser -->
        <test-method is-config="true" signature="setup()[pri:0, instance:com.Tests.ProductListingPageTest@180e6ac4]" started-at="2026-04-26T13:05:49 IST" name="setup" finished-at="2026-04-26T13:05:53 IST" duration-ms="3890" status="PASS">
          <reporter-output>
          </reporter-output>
        </test-method> <!-- setup -->
        <test-method signature="toVerifyAppliedCategoryFiltersIsWorking(java.lang.String)[pri:0, instance:com.Tests.ProductListingPageTest@180e6ac4]" started-at="2026-04-26T13:05:53 IST" name="toVerifyAppliedCategoryFiltersIsWorking" data-provider="Category" finished-at="2026-04-26T13:05:56 IST" duration-ms="2618" status="PASS">
          <params>
            <param index="0">
              <value>
                <![CDATA[Booties]]>
              </value>
            </param>
          </params>
          <reporter-output>
          </reporter-output>
        </test-method> <!-- toVerifyAppliedCategoryFiltersIsWorking -->
        <test-method is-config="true" signature="closeBrowser()[pri:0, instance:com.Tests.ProductListingPageTest@180e6ac4]" started-at="2026-04-26T13:05:56 IST" name="closeBrowser" finished-at="2026-04-26T13:05:56 IST" duration-ms="242" status="PASS">
          <reporter-output>
          </reporter-output>
        </test-method> <!-- closeBrowser -->
        <test-method is-config="true" signature="setup()[pri:0, instance:com.Tests.ProductListingPageTest@180e6ac4]" started-at="2026-04-26T13:05:56 IST" name="setup" finished-at="2026-04-26T13:05:58 IST" duration-ms="2374" status="PASS">
          <reporter-output>
          </reporter-output>
        </test-method> <!-- setup -->
        <test-method signature="toVerifyAppliedCategoryFiltersIsWorking(java.lang.String)[pri:0, instance:com.Tests.ProductListingPageTest@180e6ac4]" started-at="2026-04-26T13:05:58 IST" name="toVerifyAppliedCategoryFiltersIsWorking" data-provider="Category" finished-at="2026-04-26T13:06:02 IST" duration-ms="3692" status="PASS">
          <params>
            <param index="0">
              <value>
                <![CDATA[Backpacks]]>
              </value>
            </param>
          </params>
          <reporter-output>
          </reporter-output>
        </test-method> <!-- toVerifyAppliedCategoryFiltersIsWorking -->
        <test-method is-config="true" signature="closeBrowser()[pri:0, instance:com.Tests.ProductListingPageTest@180e6ac4]" started-at="2026-04-26T13:06:02 IST" name="closeBrowser" finished-at="2026-04-26T13:06:02 IST" duration-ms="221" status="PASS">
          <reporter-output>
          </reporter-output>
        </test-method> <!-- closeBrowser -->
        <test-method is-config="true" signature="setup()[pri:0, instance:com.Tests.ProductListingPageTest@180e6ac4]" started-at="2026-04-26T13:06:02 IST" name="setup" finished-at="2026-04-26T13:06:06 IST" duration-ms="3732" status="PASS">
          <reporter-output>
          </reporter-output>
        </test-method> <!-- setup -->
        <test-method signature="toVerifyAppliedCategoryFiltersIsWorking(java.lang.String)[pri:0, instance:com.Tests.ProductListingPageTest@180e6ac4]" started-at="2026-04-26T13:06:06 IST" name="toVerifyAppliedCategoryFiltersIsWorking" data-provider="Category" finished-at="2026-04-26T13:06:09 IST" duration-ms="2695" status="PASS">
          <params>
            <param index="0">
              <value>
                <![CDATA[Briefs]]>
              </value>
            </param>
          </params>
          <reporter-output>
          </reporter-output>
        </test-method> <!-- toVerifyAppliedCategoryFiltersIsWorking -->
        <test-method is-config="true" signature="closeBrowser()[pri:0, instance:com.Tests.ProductListingPageTest@180e6ac4]" started-at="2026-04-26T13:06:09 IST" name="closeBrowser" finished-at="2026-04-26T13:06:09 IST" duration-ms="205" status="PASS">
          <reporter-output>
          </reporter-output>
        </test-method> <!-- closeBrowser -->
        <test-method is-config="true" signature="setup()[pri:0, instance:com.Tests.ProductListingPageTest@180e6ac4]" started-at="2026-04-26T13:06:09 IST" name="setup" finished-at="2026-04-26T13:06:11 IST" duration-ms="2366" status="PASS">
          <reporter-output>
          </reporter-output>
        </test-method> <!-- setup -->
        <test-method signature="toVerifyAppliedCategoryFiltersIsWorking(java.lang.String)[pri:0, instance:com.Tests.ProductListingPageTest@180e6ac4]" started-at="2026-04-26T13:06:11 IST" name="toVerifyAppliedCategoryFiltersIsWorking" data-provider="Category" finished-at="2026-04-26T13:06:15 IST" duration-ms="3603" status="PASS">
          <params>
            <param index="0">
              <value>
                <![CDATA[Blazers]]>
              </value>
            </param>
          </params>
          <reporter-output>
          </reporter-output>
        </test-method> <!-- toVerifyAppliedCategoryFiltersIsWorking -->
        <test-method is-config="true" signature="closeBrowser()[pri:0, instance:com.Tests.ProductListingPageTest@180e6ac4]" started-at="2026-04-26T13:06:15 IST" name="closeBrowser" finished-at="2026-04-26T13:06:15 IST" duration-ms="174" status="PASS">
          <reporter-output>
          </reporter-output>
        </test-method> <!-- closeBrowser -->
        <test-method is-config="true" signature="setup()[pri:0, instance:com.Tests.ProductListingPageTest@180e6ac4]" started-at="2026-04-26T13:06:15 IST" name="setup" finished-at="2026-04-26T13:06:17 IST" duration-ms="2279" status="PASS">
          <reporter-output>
          </reporter-output>
        </test-method> <!-- setup -->
        <test-method signature="toVerifyAppliedCategoryFiltersIsWorking(java.lang.String)[pri:0, instance:com.Tests.ProductListingPageTest@180e6ac4]" started-at="2026-04-26T13:06:17 IST" name="toVerifyAppliedCategoryFiltersIsWorking" data-provider="Category" finished-at="2026-04-26T13:06:21 IST" duration-ms="3618" status="PASS">
          <params>
            <param index="0">
              <value>
                <![CDATA[Bibs]]>
              </value>
            </param>
          </params>
          <reporter-output>
          </reporter-output>
        </test-method> <!-- toVerifyAppliedCategoryFiltersIsWorking -->
        <test-method is-config="true" signature="closeBrowser()[pri:0, instance:com.Tests.ProductListingPageTest@180e6ac4]" started-at="2026-04-26T13:06:21 IST" name="closeBrowser" finished-at="2026-04-26T13:06:21 IST" duration-ms="242" status="PASS">
          <reporter-output>
          </reporter-output>
        </test-method> <!-- closeBrowser -->
        <test-method is-config="true" signature="setup()[pri:0, instance:com.Tests.ProductListingPageTest@180e6ac4]" started-at="2026-04-26T13:06:21 IST" name="setup" finished-at="2026-04-26T13:06:24 IST" duration-ms="2365" status="PASS">
          <reporter-output>
          </reporter-output>
        </test-method> <!-- setup -->
        <test-method signature="toVerifyAppliedCategoryFiltersIsWorking(java.lang.String)[pri:0, instance:com.Tests.ProductListingPageTest@180e6ac4]" started-at="2026-04-26T13:06:24 IST" name="toVerifyAppliedCategoryFiltersIsWorking" data-provider="Category" finished-at="2026-04-26T13:06:27 IST" duration-ms="3286" status="PASS">
          <params>
            <param index="0">
              <value>
                <![CDATA[Belts]]>
              </value>
            </param>
          </params>
          <reporter-output>
          </reporter-output>
        </test-method> <!-- toVerifyAppliedCategoryFiltersIsWorking -->
        <test-method is-config="true" signature="closeBrowser()[pri:0, instance:com.Tests.ProductListingPageTest@180e6ac4]" started-at="2026-04-26T13:06:27 IST" name="closeBrowser" finished-at="2026-04-26T13:06:27 IST" duration-ms="253" status="PASS">
          <reporter-output>
          </reporter-output>
        </test-method> <!-- closeBrowser -->
        <test-method is-config="true" signature="setup()[pri:0, instance:com.Tests.ProductListingPageTest@180e6ac4]" started-at="2026-04-26T13:06:27 IST" name="setup" finished-at="2026-04-26T13:06:29 IST" duration-ms="2299" status="PASS">
          <reporter-output>
          </reporter-output>
        </test-method> <!-- setup -->
        <test-method signature="toVerifyAppliedCategoryFiltersIsWorking(java.lang.String)[pri:0, instance:com.Tests.ProductListingPageTest@180e6ac4]" started-at="2026-04-26T13:06:29 IST" name="toVerifyAppliedCategoryFiltersIsWorking" data-provider="Category" finished-at="2026-04-26T13:06:33 IST" duration-ms="3697" status="PASS">
          <params>
            <param index="0">
              <value>
                <![CDATA[Boots]]>
              </value>
            </param>
          </params>
          <reporter-output>
          </reporter-output>
        </test-method> <!-- toVerifyAppliedCategoryFiltersIsWorking -->
        <test-method is-config="true" signature="closeBrowser()[pri:0, instance:com.Tests.ProductListingPageTest@180e6ac4]" started-at="2026-04-26T13:06:33 IST" name="closeBrowser" finished-at="2026-04-26T13:06:33 IST" duration-ms="254" status="PASS">
          <reporter-output>
          </reporter-output>
        </test-method> <!-- closeBrowser -->
        <test-method is-config="true" signature="setup()[pri:0, instance:com.Tests.ProductListingPageTest@180e6ac4]" started-at="2026-04-26T13:06:33 IST" name="setup" finished-at="2026-04-26T13:06:37 IST" duration-ms="3856" status="PASS">
          <reporter-output>
          </reporter-output>
        </test-method> <!-- setup -->
        <test-method signature="toVerifyAppliedCategoryFiltersIsWorking(java.lang.String)[pri:0, instance:com.Tests.ProductListingPageTest@180e6ac4]" started-at="2026-04-26T13:06:37 IST" name="toVerifyAppliedCategoryFiltersIsWorking" data-provider="Category" finished-at="2026-04-26T13:06:40 IST" duration-ms="2768" status="FAIL">
          <params>
            <param index="0">
              <value>
                <![CDATA[Bed Covers]]>
              </value>
            </param>
          </params>
          <exception class="java.lang.AssertionError">
            <message>
              <![CDATA[URL does not contain the applied Category filter expected [true] but found [false]]]>
            </message>
            <full-stacktrace>
              <![CDATA[java.lang.AssertionError: URL does not contain the applied Category filter expected [true] but found [false]
at org.testng.Assert.fail(Assert.java:111)
at org.testng.Assert.failNotEquals(Assert.java:1590)
at org.testng.Assert.assertTrue(Assert.java:57)
at com.Tests.ProductListingPageTest.toVerifyAppliedCategoryFiltersIsWorking(ProductListingPageTest.java:135)
at java.base/jdk.internal.reflect.DirectMethodHandleAccessor.invoke(DirectMethodHandleAccessor.java:103)
at java.base/java.lang.reflect.Method.invoke(Method.java:580)
at org.testng.internal.invokers.MethodInvocationHelper.invokeMethod(MethodInvocationHelper.java:141)
at org.testng.internal.invokers.TestInvoker.invokeMethod(TestInvoker.java:687)
at org.testng.internal.invokers.TestInvoker.invokeTestMethod(TestInvoker.java:230)
at org.testng.internal.invokers.MethodRunner.runInSequence(MethodRunner.java:63)
at org.testng.internal.invokers.TestInvoker$MethodInvocationAgent.invoke(TestInvoker.java:995)
at org.testng.internal.invokers.TestInvoker.invokeTestMethods(TestInvoker.java:203)
at org.testng.internal.invokers.TestMethodWorker.invokeTestMethods(TestMethodWorker.java:154)
at org.testng.internal.invokers.TestMethodWorker.run(TestMethodWorker.java:134)
at java.base/java.util.ArrayList.forEach(ArrayList.java:1596)
at org.testng.TestRunner.privateRun(TestRunner.java:741)
at org.testng.TestRunner.run(TestRunner.java:616)
at org.testng.SuiteRunner.runTest(SuiteRunner.java:421)
at org.testng.SuiteRunner$SuiteWorker.run(SuiteRunner.java:463)
at org.testng.internal.thread.ThreadUtil.lambda$execute$0(ThreadUtil.java:64)
at java.base/java.util.concurrent.FutureTask.run(FutureTask.java:317)
at java.base/java.util.concurrent.ThreadPoolExecutor.runWorker(ThreadPoolExecutor.java:1144)
at java.base/java.util.concurrent.ThreadPoolExecutor$Worker.run(ThreadPoolExecutor.java:642)
at java.base/java.lang.Thread.run(Thread.java:1583)
]]>
            </full-stacktrace>
          </exception> <!-- java.lang.AssertionError -->
          <reporter-output>
          </reporter-output>
        </test-method> <!-- toVerifyAppliedCategoryFiltersIsWorking -->
        <test-method is-config="true" signature="closeBrowser()[pri:0, instance:com.Tests.ProductListingPageTest@180e6ac4]" started-at="2026-04-26T13:06:40 IST" name="closeBrowser" finished-at="2026-04-26T13:06:41 IST" duration-ms="221" status="PASS">
          <reporter-output>
          </reporter-output>
        </test-method> <!-- closeBrowser -->
        <test-method is-config="true" signature="setup()[pri:0, instance:com.Tests.ProductListingPageTest@180e6ac4]" started-at="2026-04-26T13:06:41 IST" name="setup" finished-at="2026-04-26T13:06:44 IST" duration-ms="3653" status="PASS">
          <reporter-output>
          </reporter-output>
        </test-method> <!-- setup -->
        <test-method signature="toVerifyAppliedCategoryFiltersIsWorking(java.lang.String)[pri:0, instance:com.Tests.ProductListingPageTest@180e6ac4]" started-at="2026-04-26T13:06:44 IST" name="toVerifyAppliedCategoryFiltersIsWorking" data-provider="Category" finished-at="2026-04-26T13:06:47 IST" duration-ms="2713" status="PASS">
          <params>
            <param index="0">
              <value>
                <![CDATA[Caps]]>
              </value>
            </param>
          </params>
          <reporter-output>
          </reporter-output>
        </test-method> <!-- toVerifyAppliedCategoryFiltersIsWorking -->
        <test-method is-config="true" signature="closeBrowser()[pri:0, instance:com.Tests.ProductListingPageTest@180e6ac4]" started-at="2026-04-26T13:06:47 IST" name="closeBrowser" finished-at="2026-04-26T13:06:47 IST" duration-ms="234" status="PASS">
          <reporter-output>
          </reporter-output>
        </test-method> <!-- closeBrowser -->
        <test-method is-config="true" signature="setup()[pri:0, instance:com.Tests.ProductListingPageTest@180e6ac4]" started-at="2026-04-26T13:06:47 IST" name="setup" finished-at="2026-04-26T13:06:51 IST" duration-ms="3613" status="PASS">
          <reporter-output>
          </reporter-output>
        </test-method> <!-- setup -->
        <test-method signature="toVerifyAppliedCategoryFiltersIsWorking(java.lang.String)[pri:0, instance:com.Tests.ProductListingPageTest@180e6ac4]" started-at="2026-04-26T13:06:51 IST" name="toVerifyAppliedCategoryFiltersIsWorking" data-provider="Category" finished-at="2026-04-26T13:06:53 IST" duration-ms="2632" status="PASS">
          <params>
            <param index="0">
              <value>
                <![CDATA[Co-Ords]]>
              </value>
            </param>
          </params>
          <reporter-output>
          </reporter-output>
        </test-method> <!-- toVerifyAppliedCategoryFiltersIsWorking -->
        <test-method is-config="true" signature="closeBrowser()[pri:0, instance:com.Tests.ProductListingPageTest@180e6ac4]" started-at="2026-04-26T13:06:53 IST" name="closeBrowser" finished-at="2026-04-26T13:06:54 IST" duration-ms="280" status="PASS">
          <reporter-output>
          </reporter-output>
        </test-method> <!-- closeBrowser -->
        <test-method is-config="true" signature="setup()[pri:0, instance:com.Tests.ProductListingPageTest@180e6ac4]" started-at="2026-04-26T13:06:54 IST" name="setup" finished-at="2026-04-26T13:06:56 IST" duration-ms="2322" status="PASS">
          <reporter-output>
          </reporter-output>
        </test-method> <!-- setup -->
        <test-method signature="toVerifyAppliedCategoryFiltersIsWorking(java.lang.String)[pri:0, instance:com.Tests.ProductListingPageTest@180e6ac4]" started-at="2026-04-26T13:06:56 IST" name="toVerifyAppliedCategoryFiltersIsWorking" data-provider="Category" finished-at="2026-04-26T13:06:59 IST" duration-ms="3465" status="PASS">
          <params>
            <param index="0">
              <value>
                <![CDATA[Dungarees]]>
              </value>
            </param>
          </params>
          <reporter-output>
          </reporter-output>
        </test-method> <!-- toVerifyAppliedCategoryFiltersIsWorking -->
        <test-method is-config="true" signature="closeBrowser()[pri:0, instance:com.Tests.ProductListingPageTest@180e6ac4]" started-at="2026-04-26T13:06:59 IST" name="closeBrowser" finished-at="2026-04-26T13:07:00 IST" duration-ms="249" status="PASS">
          <reporter-output>
          </reporter-output>
        </test-method> <!-- closeBrowser -->
        <test-method is-config="true" signature="setup()[pri:0, instance:com.Tests.ProductListingPageTest@180e6ac4]" started-at="2026-04-26T13:07:00 IST" name="setup" finished-at="2026-04-26T13:07:03 IST" duration-ms="3608" status="PASS">
          <reporter-output>
          </reporter-output>
        </test-method> <!-- setup -->
        <test-method signature="toVerifyAppliedCategoryFiltersIsWorking(java.lang.String)[pri:0, instance:com.Tests.ProductListingPageTest@180e6ac4]" started-at="2026-04-26T13:07:03 IST" name="toVerifyAppliedCategoryFiltersIsWorking" data-provider="Category" finished-at="2026-04-26T13:07:06 IST" duration-ms="2751" status="PASS">
          <params>
            <param index="0">
              <value>
                <![CDATA[Diapers]]>
              </value>
            </param>
          </params>
          <reporter-output>
          </reporter-output>
        </test-method> <!-- toVerifyAppliedCategoryFiltersIsWorking -->
        <test-method is-config="true" signature="closeBrowser()[pri:0, instance:com.Tests.ProductListingPageTest@180e6ac4]" started-at="2026-04-26T13:07:06 IST" name="closeBrowser" finished-at="2026-04-26T13:07:06 IST" duration-ms="198" status="PASS">
          <reporter-output>
          </reporter-output>
        </test-method> <!-- closeBrowser -->
        <test-method is-config="true" signature="setup()[pri:0, instance:com.Tests.ProductListingPageTest@180e6ac4]" started-at="2026-04-26T13:07:06 IST" name="setup" finished-at="2026-04-26T13:07:10 IST" duration-ms="3926" status="PASS">
          <reporter-output>
          </reporter-output>
        </test-method> <!-- setup -->
        <test-method signature="toVerifyApplyBrandFiltersIsWorking(java.lang.String)[pri:0, instance:com.Tests.ProductListingPageTest@180e6ac4]" started-at="2026-04-26T13:07:10 IST" name="toVerifyApplyBrandFiltersIsWorking" data-provider="BrandData" finished-at="2026-04-26T13:07:13 IST" duration-ms="2565" status="PASS">
          <params>
            <param index="0">
              <value>
                <![CDATA[BAESD]]>
              </value>
            </param>
          </params>
          <reporter-output>
          </reporter-output>
        </test-method> <!-- toVerifyApplyBrandFiltersIsWorking -->
        <test-method is-config="true" signature="closeBrowser()[pri:0, instance:com.Tests.ProductListingPageTest@180e6ac4]" started-at="2026-04-26T13:07:13 IST" name="closeBrowser" finished-at="2026-04-26T13:07:13 IST" duration-ms="221" status="PASS">
          <reporter-output>
          </reporter-output>
        </test-method> <!-- closeBrowser -->
        <test-method is-config="true" signature="setup()[pri:0, instance:com.Tests.ProductListingPageTest@180e6ac4]" started-at="2026-04-26T13:07:13 IST" name="setup" finished-at="2026-04-26T13:07:17 IST" duration-ms="3773" status="PASS">
          <reporter-output>
          </reporter-output>
        </test-method> <!-- setup -->
        <test-method signature="toVerifyApplyBrandFiltersIsWorking(java.lang.String)[pri:0, instance:com.Tests.ProductListingPageTest@180e6ac4]" started-at="2026-04-26T13:07:17 IST" name="toVerifyApplyBrandFiltersIsWorking" data-provider="BrandData" finished-at="2026-04-26T13:07:19 IST" duration-ms="2563" status="PASS">
          <params>
            <param index="0">
              <value>
                <![CDATA[YK]]>
              </value>
            </param>
          </params>
          <reporter-output>
          </reporter-output>
        </test-method> <!-- toVerifyApplyBrandFiltersIsWorking -->
        <test-method is-config="true" signature="closeBrowser()[pri:0, instance:com.Tests.ProductListingPageTest@180e6ac4]" started-at="2026-04-26T13:07:19 IST" name="closeBrowser" finished-at="2026-04-26T13:07:20 IST" duration-ms="269" status="PASS">
          <reporter-output>
          </reporter-output>
        </test-method> <!-- closeBrowser -->
        <test-method is-config="true" signature="setup()[pri:0, instance:com.Tests.ProductListingPageTest@180e6ac4]" started-at="2026-04-26T13:07:20 IST" name="setup" finished-at="2026-04-26T13:07:22 IST" duration-ms="2250" status="PASS">
          <reporter-output>
          </reporter-output>
        </test-method> <!-- setup -->
        <test-method signature="toVerifyApplyBrandFiltersIsWorking(java.lang.String)[pri:0, instance:com.Tests.ProductListingPageTest@180e6ac4]" started-at="2026-04-26T13:07:22 IST" name="toVerifyApplyBrandFiltersIsWorking" data-provider="BrandData" finished-at="2026-04-26T13:07:25 IST" duration-ms="3526" status="PASS">
          <params>
            <param index="0">
              <value>
                <![CDATA[V-Mart]]>
              </value>
            </param>
          </params>
          <reporter-output>
          </reporter-output>
        </test-method> <!-- toVerifyApplyBrandFiltersIsWorking -->
        <test-method is-config="true" signature="closeBrowser()[pri:0, instance:com.Tests.ProductListingPageTest@180e6ac4]" started-at="2026-04-26T13:07:25 IST" name="closeBrowser" finished-at="2026-04-26T13:07:26 IST" duration-ms="272" status="PASS">
          <reporter-output>
          </reporter-output>
        </test-method> <!-- closeBrowser -->
        <test-method is-config="true" signature="setup()[pri:0, instance:com.Tests.ProductListingPageTest@180e6ac4]" started-at="2026-04-26T13:07:26 IST" name="setup" finished-at="2026-04-26T13:07:28 IST" duration-ms="2642" status="PASS">
          <reporter-output>
          </reporter-output>
        </test-method> <!-- setup -->
        <test-method signature="toVerifyApplyBrandFiltersIsWorking(java.lang.String)[pri:0, instance:com.Tests.ProductListingPageTest@180e6ac4]" started-at="2026-04-26T13:07:28 IST" name="toVerifyApplyBrandFiltersIsWorking" data-provider="BrandData" finished-at="2026-04-26T13:07:32 IST" duration-ms="3540" status="FAIL">
          <params>
            <param index="0">
              <value>
                <![CDATA[LULU & SKY]]>
              </value>
            </param>
          </params>
          <exception class="java.lang.AssertionError">
            <message>
              <![CDATA[URL does not contain the applied Category filter expected [true] but found [false]]]>
            </message>
            <full-stacktrace>
              <![CDATA[java.lang.AssertionError: URL does not contain the applied Category filter expected [true] but found [false]
at org.testng.Assert.fail(Assert.java:111)
at org.testng.Assert.failNotEquals(Assert.java:1590)
at org.testng.Assert.assertTrue(Assert.java:57)
at com.Tests.ProductListingPageTest.toVerifyApplyBrandFiltersIsWorking(ProductListingPageTest.java:153)
at java.base/jdk.internal.reflect.DirectMethodHandleAccessor.invoke(DirectMethodHandleAccessor.java:103)
at java.base/java.lang.reflect.Method.invoke(Method.java:580)
at org.testng.internal.invokers.MethodInvocationHelper.invokeMethod(MethodInvocationHelper.java:141)
at org.testng.internal.invokers.TestInvoker.invokeMethod(TestInvoker.java:687)
at org.testng.internal.invokers.TestInvoker.invokeTestMethod(TestInvoker.java:230)
at org.testng.internal.invokers.MethodRunner.runInSequence(MethodRunner.java:63)
at org.testng.internal.invokers.TestInvoker$MethodInvocationAgent.invoke(TestInvoker.java:995)
at org.testng.internal.invokers.TestInvoker.invokeTestMethods(TestInvoker.java:203)
at org.testng.internal.invokers.TestMethodWorker.invokeTestMethods(TestMethodWorker.java:154)
at org.testng.internal.invokers.TestMethodWorker.run(TestMethodWorker.java:134)
at java.base/java.util.ArrayList.forEach(ArrayList.java:1596)
at org.testng.TestRunner.privateRun(TestRunner.java:741)
at org.testng.TestRunner.run(TestRunner.java:616)
at org.testng.SuiteRunner.runTest(SuiteRunner.java:421)
at org.testng.SuiteRunner$SuiteWorker.run(SuiteRunner.java:463)
at org.testng.internal.thread.ThreadUtil.lambda$execute$0(ThreadUtil.java:64)
at java.base/java.util.concurrent.FutureTask.run(FutureTask.java:317)
at java.base/java.util.concurrent.ThreadPoolExecutor.runWorker(ThreadPoolExecutor.java:1144)
at java.base/java.util.concurrent.ThreadPoolExecutor$Worker.run(ThreadPoolExecutor.java:642)
at java.base/java.lang.Thread.run(Thread.java:1583)
]]>
            </full-stacktrace>
          </exception> <!-- java.lang.AssertionError -->
          <reporter-output>
          </reporter-output>
        </test-method> <!-- toVerifyApplyBrandFiltersIsWorking -->
        <test-method is-config="true" signature="closeBrowser()[pri:0, instance:com.Tests.ProductListingPageTest@180e6ac4]" started-at="2026-04-26T13:07:32 IST" name="closeBrowser" finished-at="2026-04-26T13:07:32 IST" duration-ms="266" status="PASS">
          <reporter-output>
          </reporter-output>
        </test-method> <!-- closeBrowser -->
        <test-method is-config="true" signature="setup()[pri:0, instance:com.Tests.ProductListingPageTest@180e6ac4]" started-at="2026-04-26T13:07:32 IST" name="setup" finished-at="2026-04-26T13:07:36 IST" duration-ms="3877" status="PASS">
          <reporter-output>
          </reporter-output>
        </test-method> <!-- setup -->
        <test-method signature="toVerifyApplyBrandFiltersIsWorking(java.lang.String)[pri:0, instance:com.Tests.ProductListingPageTest@180e6ac4]" started-at="2026-04-26T13:07:36 IST" name="toVerifyApplyBrandFiltersIsWorking" data-provider="BrandData" finished-at="2026-04-26T13:07:39 IST" duration-ms="2711" status="FAIL">
          <params>
            <param index="0">
              <value>
                <![CDATA[MINI KLUB]]>
              </value>
            </param>
          </params>
          <exception class="java.lang.AssertionError">
            <message>
              <![CDATA[URL does not contain the applied Category filter expected [true] but found [false]]]>
            </message>
            <full-stacktrace>
              <![CDATA[java.lang.AssertionError: URL does not contain the applied Category filter expected [true] but found [false]
at org.testng.Assert.fail(Assert.java:111)
at org.testng.Assert.failNotEquals(Assert.java:1590)
at org.testng.Assert.assertTrue(Assert.java:57)
at com.Tests.ProductListingPageTest.toVerifyApplyBrandFiltersIsWorking(ProductListingPageTest.java:153)
at java.base/jdk.internal.reflect.DirectMethodHandleAccessor.invoke(DirectMethodHandleAccessor.java:103)
at java.base/java.lang.reflect.Method.invoke(Method.java:580)
at org.testng.internal.invokers.MethodInvocationHelper.invokeMethod(MethodInvocationHelper.java:141)
at org.testng.internal.invokers.TestInvoker.invokeMethod(TestInvoker.java:687)
at org.testng.internal.invokers.TestInvoker.invokeTestMethod(TestInvoker.java:230)
at org.testng.internal.invokers.MethodRunner.runInSequence(MethodRunner.java:63)
at org.testng.internal.invokers.TestInvoker$MethodInvocationAgent.invoke(TestInvoker.java:995)
at org.testng.internal.invokers.TestInvoker.invokeTestMethods(TestInvoker.java:203)
at org.testng.internal.invokers.TestMethodWorker.invokeTestMethods(TestMethodWorker.java:154)
at org.testng.internal.invokers.TestMethodWorker.run(TestMethodWorker.java:134)
at java.base/java.util.ArrayList.forEach(ArrayList.java:1596)
at org.testng.TestRunner.privateRun(TestRunner.java:741)
at org.testng.TestRunner.run(TestRunner.java:616)
at org.testng.SuiteRunner.runTest(SuiteRunner.java:421)
at org.testng.SuiteRunner$SuiteWorker.run(SuiteRunner.java:463)
at org.testng.internal.thread.ThreadUtil.lambda$execute$0(ThreadUtil.java:64)
at java.base/java.util.concurrent.FutureTask.run(FutureTask.java:317)
at java.base/java.util.concurrent.ThreadPoolExecutor.runWorker(ThreadPoolExecutor.java:1144)
at java.base/java.util.concurrent.ThreadPoolExecutor$Worker.run(ThreadPoolExecutor.java:642)
at java.base/java.lang.Thread.run(Thread.java:1583)
]]>
            </full-stacktrace>
          </exception> <!-- java.lang.AssertionError -->
          <reporter-output>
          </reporter-output>
        </test-method> <!-- toVerifyApplyBrandFiltersIsWorking -->
        <test-method is-config="true" signature="closeBrowser()[pri:0, instance:com.Tests.ProductListingPageTest@180e6ac4]" started-at="2026-04-26T13:07:39 IST" name="closeBrowser" finished-at="2026-04-26T13:07:40 IST" duration-ms="262" status="PASS">
          <reporter-output>
          </reporter-output>
        </test-method> <!-- closeBrowser -->
        <test-method is-config="true" signature="setup()[pri:0, instance:com.Tests.ProductListingPageTest@180e6ac4]" started-at="2026-04-26T13:07:40 IST" name="setup" finished-at="2026-04-26T13:07:42 IST" duration-ms="2438" status="PASS">
          <reporter-output>
          </reporter-output>
        </test-method> <!-- setup -->
        <test-method signature="toVerifyApplyBrandFiltersIsWorking(java.lang.String)[pri:0, instance:com.Tests.ProductListingPageTest@180e6ac4]" started-at="2026-04-26T13:07:42 IST" name="toVerifyApplyBrandFiltersIsWorking" data-provider="BrandData" finished-at="2026-04-26T13:07:45 IST" duration-ms="3256" status="FAIL">
          <params>
            <param index="0">
              <value>
                <![CDATA[INCLUD]]>
              </value>
            </param>
          </params>
          <exception class="java.lang.AssertionError">
            <message>
              <![CDATA[URL does not contain the applied Category filter expected [true] but found [false]]]>
            </message>
            <full-stacktrace>
              <![CDATA[java.lang.AssertionError: URL does not contain the applied Category filter expected [true] but found [false]
at org.testng.Assert.fail(Assert.java:111)
at org.testng.Assert.failNotEquals(Assert.java:1590)
at org.testng.Assert.assertTrue(Assert.java:57)
at com.Tests.ProductListingPageTest.toVerifyApplyBrandFiltersIsWorking(ProductListingPageTest.java:153)
at java.base/jdk.internal.reflect.DirectMethodHandleAccessor.invoke(DirectMethodHandleAccessor.java:103)
at java.base/java.lang.reflect.Method.invoke(Method.java:580)
at org.testng.internal.invokers.MethodInvocationHelper.invokeMethod(MethodInvocationHelper.java:141)
at org.testng.internal.invokers.TestInvoker.invokeMethod(TestInvoker.java:687)
at org.testng.internal.invokers.TestInvoker.invokeTestMethod(TestInvoker.java:230)
at org.testng.internal.invokers.MethodRunner.runInSequence(MethodRunner.java:63)
at org.testng.internal.invokers.TestInvoker$MethodInvocationAgent.invoke(TestInvoker.java:995)
at org.testng.internal.invokers.TestInvoker.invokeTestMethods(TestInvoker.java:203)
at org.testng.internal.invokers.TestMethodWorker.invokeTestMethods(TestMethodWorker.java:154)
at org.testng.internal.invokers.TestMethodWorker.run(TestMethodWorker.java:134)
at java.base/java.util.ArrayList.forEach(ArrayList.java:1596)
at org.testng.TestRunner.privateRun(TestRunner.java:741)
at org.testng.TestRunner.run(TestRunner.java:616)
at org.testng.SuiteRunner.runTest(SuiteRunner.java:421)
at org.testng.SuiteRunner$SuiteWorker.run(SuiteRunner.java:463)
at org.testng.internal.thread.ThreadUtil.lambda$execute$0(ThreadUtil.java:64)
at java.base/java.util.concurrent.FutureTask.run(FutureTask.java:317)
at java.base/java.util.concurrent.ThreadPoolExecutor.runWorker(ThreadPoolExecutor.java:1144)
at java.base/java.util.concurrent.ThreadPoolExecutor$Worker.run(ThreadPoolExecutor.java:642)
at java.base/java.lang.Thread.run(Thread.java:1583)
]]>
            </full-stacktrace>
          </exception> <!-- java.lang.AssertionError -->
          <reporter-output>
          </reporter-output>
        </test-method> <!-- toVerifyApplyBrandFiltersIsWorking -->
        <test-method is-config="true" signature="closeBrowser()[pri:0, instance:com.Tests.ProductListingPageTest@180e6ac4]" started-at="2026-04-26T13:07:45 IST" name="closeBrowser" finished-at="2026-04-26T13:07:46 IST" duration-ms="268" status="PASS">
          <reporter-output>
          </reporter-output>
        </test-method> <!-- closeBrowser -->
        <test-method is-config="true" signature="setup()[pri:0, instance:com.Tests.ProductListingPageTest@180e6ac4]" started-at="2026-04-26T13:07:46 IST" name="setup" finished-at="2026-04-26T13:07:48 IST" duration-ms="2497" status="PASS">
          <reporter-output>
          </reporter-output>
        </test-method> <!-- setup -->
        <test-method signature="toVerifyApplyBrandFiltersIsWorking(java.lang.String)[pri:0, instance:com.Tests.ProductListingPageTest@180e6ac4]" started-at="2026-04-26T13:07:48 IST" name="toVerifyApplyBrandFiltersIsWorking" data-provider="BrandData" finished-at="2026-04-26T13:07:52 IST" duration-ms="3283" status="FAIL">
          <params>
            <param index="0">
              <value>
                <![CDATA[H&M]]>
              </value>
            </param>
          </params>
          <exception class="java.lang.AssertionError">
            <message>
              <![CDATA[URL does not contain the applied Category filter expected [true] but found [false]]]>
            </message>
            <full-stacktrace>
              <![CDATA[java.lang.AssertionError: URL does not contain the applied Category filter expected [true] but found [false]
at org.testng.Assert.fail(Assert.java:111)
at org.testng.Assert.failNotEquals(Assert.java:1590)
at org.testng.Assert.assertTrue(Assert.java:57)
at com.Tests.ProductListingPageTest.toVerifyApplyBrandFiltersIsWorking(ProductListingPageTest.java:153)
at java.base/jdk.internal.reflect.DirectMethodHandleAccessor.invoke(DirectMethodHandleAccessor.java:103)
at java.base/java.lang.reflect.Method.invoke(Method.java:580)
at org.testng.internal.invokers.MethodInvocationHelper.invokeMethod(MethodInvocationHelper.java:141)
at org.testng.internal.invokers.TestInvoker.invokeMethod(TestInvoker.java:687)
at org.testng.internal.invokers.TestInvoker.invokeTestMethod(TestInvoker.java:230)
at org.testng.internal.invokers.MethodRunner.runInSequence(MethodRunner.java:63)
at org.testng.internal.invokers.TestInvoker$MethodInvocationAgent.invoke(TestInvoker.java:995)
at org.testng.internal.invokers.TestInvoker.invokeTestMethods(TestInvoker.java:203)
at org.testng.internal.invokers.TestMethodWorker.invokeTestMethods(TestMethodWorker.java:154)
at org.testng.internal.invokers.TestMethodWorker.run(TestMethodWorker.java:134)
at java.base/java.util.ArrayList.forEach(ArrayList.java:1596)
at org.testng.TestRunner.privateRun(TestRunner.java:741)
at org.testng.TestRunner.run(TestRunner.java:616)
at org.testng.SuiteRunner.runTest(SuiteRunner.java:421)
at org.testng.SuiteRunner$SuiteWorker.run(SuiteRunner.java:463)
at org.testng.internal.thread.ThreadUtil.lambda$execute$0(ThreadUtil.java:64)
at java.base/java.util.concurrent.FutureTask.run(FutureTask.java:317)
at java.base/java.util.concurrent.ThreadPoolExecutor.runWorker(ThreadPoolExecutor.java:1144)
at java.base/java.util.concurrent.ThreadPoolExecutor$Worker.run(ThreadPoolExecutor.java:642)
at java.base/java.lang.Thread.run(Thread.java:1583)
]]>
            </full-stacktrace>
          </exception> <!-- java.lang.AssertionError -->
          <reporter-output>
          </reporter-output>
        </test-method> <!-- toVerifyApplyBrandFiltersIsWorking -->
        <test-method is-config="true" signature="closeBrowser()[pri:0, instance:com.Tests.ProductListingPageTest@180e6ac4]" started-at="2026-04-26T13:07:52 IST" name="closeBrowser" finished-at="2026-04-26T13:07:52 IST" duration-ms="241" status="PASS">
          <reporter-output>
          </reporter-output>
        </test-method> <!-- closeBrowser -->
        <test-method is-config="true" signature="setup()[pri:0, instance:com.Tests.ProductListingPageTest@180e6ac4]" started-at="2026-04-26T13:07:52 IST" name="setup" finished-at="2026-04-26T13:07:56 IST" duration-ms="3871" status="PASS">
          <reporter-output>
          </reporter-output>
        </test-method> <!-- setup -->
        <test-method signature="toVerifyApplyColorFiltersIsWorking(java.lang.String)[pri:0, instance:com.Tests.ProductListingPageTest@180e6ac4]" started-at="2026-04-26T13:07:56 IST" name="toVerifyApplyColorFiltersIsWorking" data-provider="colourDataForTshirts" finished-at="2026-04-26T13:08:29 IST" duration-ms="33447" status="FAIL">
          <params>
            <param index="0">
              <value>
                <![CDATA[Grey]]>
              </value>
            </param>
          </params>
          <exception class="org.openqa.selenium.TimeoutException">
            <message>
              <![CDATA[Expected condition failed: waiting for element to be clickable: By.xpath: //li[@class='colour-listItem']//input[@value='Grey']/parent::label (tried for 30 second(s) with 500 milliseconds interval)
Build info: version: '4.34.0', revision: '707dcb4246*'
System info: os.name: 'Windows 11', os.arch: 'amd64', os.version: '10.0', java.version: '21.0.10'
Driver info: org.openqa.selenium.chrome.ChromeDriver
Capabilities {acceptInsecureCerts: false, browserName: chrome, browserVersion: 147.0.7727.102, chrome: {chromedriverVersion: 147.0.7727.117 (474cc805edd..., userDataDir: C:\Users\Rahul\AppData\Loca...}, fedcm:accounts: true, goog:chromeOptions: {debuggerAddress: localhost:59303}, goog:processID: 60332, networkConnectionEnabled: false, pageLoadStrategy: normal, platformName: windows, proxy: Proxy(), se:cdp: ws://localhost:59303/devtoo..., se:cdpVersion: 147.0.7727.102, setWindowRect: true, strictFileInteractability: false, timeouts: {implicit: 0, pageLoad: 300000, script: 30000}, unhandledPromptBehavior: dismiss and notify, webauthn:extension:credBlob: true, webauthn:extension:largeBlob: true, webauthn:extension:minPinLength: true, webauthn:extension:prf: true, webauthn:virtualAuthenticators: true}
Session ID: 285d816888ddf6e140937780e7d259df]]>
            </message>
            <full-stacktrace>
              <![CDATA[org.openqa.selenium.TimeoutException: Expected condition failed: waiting for element to be clickable: By.xpath: //li[@class='colour-listItem']//input[@value='Grey']/parent::label (tried for 30 second(s) with 500 milliseconds interval)
Build info: version: '4.34.0', revision: '707dcb4246*'
System info: os.name: 'Windows 11', os.arch: 'amd64', os.version: '10.0', java.version: '21.0.10'
Driver info: org.openqa.selenium.chrome.ChromeDriver
Capabilities {acceptInsecureCerts: false, browserName: chrome, browserVersion: 147.0.7727.102, chrome: {chromedriverVersion: 147.0.7727.117 (474cc805edd..., userDataDir: C:\Users\Rahul\AppData\Loca...}, fedcm:accounts: true, goog:chromeOptions: {debuggerAddress: localhost:59303}, goog:processID: 60332, networkConnectionEnabled: false, pageLoadStrategy: normal, platformName: windows, proxy: Proxy(), se:cdp: ws://localhost:59303/devtoo..., se:cdpVersion: 147.0.7727.102, setWindowRect: true, strictFileInteractability: false, timeouts: {implicit: 0, pageLoad: 300000, script: 30000}, unhandledPromptBehavior: dismiss and notify, webauthn:extension:credBlob: true, webauthn:extension:largeBlob: true, webauthn:extension:minPinLength: true, webauthn:extension:prf: true, webauthn:virtualAuthenticators: true}
Session ID: 285d816888ddf6e140937780e7d259df
at org.openqa.selenium.support.ui.WebDriverWait.timeoutException(WebDriverWait.java:84)
at org.openqa.selenium.support.ui.FluentWait.until(FluentWait.java:228)
at com.utilities.WaitFor.waitForElementToBeClickable(WaitFor.java:40)
at com.pages.ProductListingPage.selectcolor(ProductListingPage.java:309)
at com.Tests.ProductListingPageTest.toVerifyApplyColorFiltersIsWorking(ProductListingPageTest.java:202)
at java.base/jdk.internal.reflect.DirectMethodHandleAccessor.invoke(DirectMethodHandleAccessor.java:103)
at java.base/java.lang.reflect.Method.invoke(Method.java:580)
at org.testng.internal.invokers.MethodInvocationHelper.invokeMethod(MethodInvocationHelper.java:141)
at org.testng.internal.invokers.TestInvoker.invokeMethod(TestInvoker.java:687)
at org.testng.internal.invokers.TestInvoker.invokeTestMethod(TestInvoker.java:230)
at org.testng.internal.invokers.MethodRunner.runInSequence(MethodRunner.java:63)
at org.testng.internal.invokers.TestInvoker$MethodInvocationAgent.invoke(TestInvoker.java:995)
at org.testng.internal.invokers.TestInvoker.invokeTestMethods(TestInvoker.java:203)
at org.testng.internal.invokers.TestMethodWorker.invokeTestMethods(TestMethodWorker.java:154)
at org.testng.internal.invokers.TestMethodWorker.run(TestMethodWorker.java:134)
at java.base/java.util.ArrayList.forEach(ArrayList.java:1596)
at org.testng.TestRunner.privateRun(TestRunner.java:741)
at org.testng.TestRunner.run(TestRunner.java:616)
at org.testng.SuiteRunner.runTest(SuiteRunner.java:421)
at org.testng.SuiteRunner$SuiteWorker.run(SuiteRunner.java:463)
at org.testng.internal.thread.ThreadUtil.lambda$execute$0(ThreadUtil.java:64)
at java.base/java.util.concurrent.FutureTask.run(FutureTask.java:317)
at java.base/java.util.concurrent.ThreadPoolExecutor.runWorker(ThreadPoolExecutor.java:1144)
at java.base/java.util.concurrent.ThreadPoolExecutor$Worker.run(ThreadPoolExecutor.java:642)
at java.base/java.lang.Thread.run(Thread.java:1583)
]]>
            </full-stacktrace>
          </exception> <!-- org.openqa.selenium.TimeoutException -->
          <reporter-output>
          </reporter-output>
        </test-method> <!-- toVerifyApplyColorFiltersIsWorking -->
        <test-method is-config="true" signature="closeBrowser()[pri:0, instance:com.Tests.ProductListingPageTest@180e6ac4]" started-at="2026-04-26T13:08:30 IST" name="closeBrowser" finished-at="2026-04-26T13:08:30 IST" duration-ms="247" status="PASS">
          <reporter-output>
          </reporter-output>
        </test-method> <!-- closeBrowser -->
        <test-method is-config="true" signature="setup()[pri:0, instance:com.Tests.ProductListingPageTest@180e6ac4]" started-at="2026-04-26T13:08:30 IST" name="setup" finished-at="2026-04-26T13:08:34 IST" duration-ms="3585" status="PASS">
          <reporter-output>
          </reporter-output>
        </test-method> <!-- setup -->
        <test-method signature="toVerifyApplyColorFiltersIsWorking(java.lang.String)[pri:0, instance:com.Tests.ProductListingPageTest@180e6ac4]" started-at="2026-04-26T13:08:34 IST" name="toVerifyApplyColorFiltersIsWorking" data-provider="colourDataForTshirts" finished-at="2026-04-26T13:08:37 IST" duration-ms="3221" status="PASS">
          <params>
            <param index="0">
              <value>
                <![CDATA[White]]>
              </value>
            </param>
          </params>
          <reporter-output>
          </reporter-output>
        </test-method> <!-- toVerifyApplyColorFiltersIsWorking -->
        <test-method is-config="true" signature="closeBrowser()[pri:0, instance:com.Tests.ProductListingPageTest@180e6ac4]" started-at="2026-04-26T13:08:37 IST" name="closeBrowser" finished-at="2026-04-26T13:08:37 IST" duration-ms="234" status="PASS">
          <reporter-output>
          </reporter-output>
        </test-method> <!-- closeBrowser -->
        <test-method is-config="true" signature="setup()[pri:0, instance:com.Tests.ProductListingPageTest@180e6ac4]" started-at="2026-04-26T13:08:37 IST" name="setup" finished-at="2026-04-26T13:08:41 IST" duration-ms="3786" status="PASS">
          <reporter-output>
          </reporter-output>
        </test-method> <!-- setup -->
        <test-method signature="toVerifyApplyColorFiltersIsWorking(java.lang.String)[pri:0, instance:com.Tests.ProductListingPageTest@180e6ac4]" started-at="2026-04-26T13:08:41 IST" name="toVerifyApplyColorFiltersIsWorking" data-provider="colourDataForTshirts" finished-at="2026-04-26T13:09:16 IST" duration-ms="34637" status="FAIL">
          <params>
            <param index="0">
              <value>
                <![CDATA[Beige]]>
              </value>
            </param>
          </params>
          <exception class="org.openqa.selenium.TimeoutException">
            <message>
              <![CDATA[Expected condition failed: waiting for element to be clickable: By.xpath: //li[@class='colour-listItem']//input[@value='Beige']/parent::label (tried for 30 second(s) with 500 milliseconds interval)
Build info: version: '4.34.0', revision: '707dcb4246*'
System info: os.name: 'Windows 11', os.arch: 'amd64', os.version: '10.0', java.version: '21.0.10'
Driver info: org.openqa.selenium.chrome.ChromeDriver
Capabilities {acceptInsecureCerts: false, browserName: chrome, browserVersion: 147.0.7727.102, chrome: {chromedriverVersion: 147.0.7727.117 (474cc805edd..., userDataDir: C:\Users\Rahul\AppData\Loca...}, fedcm:accounts: true, goog:chromeOptions: {debuggerAddress: localhost:54339}, goog:processID: 20984, networkConnectionEnabled: false, pageLoadStrategy: normal, platformName: windows, proxy: Proxy(), se:cdp: ws://localhost:54339/devtoo..., se:cdpVersion: 147.0.7727.102, setWindowRect: true, strictFileInteractability: false, timeouts: {implicit: 0, pageLoad: 300000, script: 30000}, unhandledPromptBehavior: dismiss and notify, webauthn:extension:credBlob: true, webauthn:extension:largeBlob: true, webauthn:extension:minPinLength: true, webauthn:extension:prf: true, webauthn:virtualAuthenticators: true}
Session ID: c883c9b84028e05fcfc7de7102dbb57e]]>
            </message>
            <full-stacktrace>
              <![CDATA[org.openqa.selenium.TimeoutException: Expected condition failed: waiting for element to be clickable: By.xpath: //li[@class='colour-listItem']//input[@value='Beige']/parent::label (tried for 30 second(s) with 500 milliseconds interval)
Build info: version: '4.34.0', revision: '707dcb4246*'
System info: os.name: 'Windows 11', os.arch: 'amd64', os.version: '10.0', java.version: '21.0.10'
Driver info: org.openqa.selenium.chrome.ChromeDriver
Capabilities {acceptInsecureCerts: false, browserName: chrome, browserVersion: 147.0.7727.102, chrome: {chromedriverVersion: 147.0.7727.117 (474cc805edd..., userDataDir: C:\Users\Rahul\AppData\Loca...}, fedcm:accounts: true, goog:chromeOptions: {debuggerAddress: localhost:54339}, goog:processID: 20984, networkConnectionEnabled: false, pageLoadStrategy: normal, platformName: windows, proxy: Proxy(), se:cdp: ws://localhost:54339/devtoo..., se:cdpVersion: 147.0.7727.102, setWindowRect: true, strictFileInteractability: false, timeouts: {implicit: 0, pageLoad: 300000, script: 30000}, unhandledPromptBehavior: dismiss and notify, webauthn:extension:credBlob: true, webauthn:extension:largeBlob: true, webauthn:extension:minPinLength: true, webauthn:extension:prf: true, webauthn:virtualAuthenticators: true}
Session ID: c883c9b84028e05fcfc7de7102dbb57e
at org.openqa.selenium.support.ui.WebDriverWait.timeoutException(WebDriverWait.java:84)
at org.openqa.selenium.support.ui.FluentWait.until(FluentWait.java:228)
at com.utilities.WaitFor.waitForElementToBeClickable(WaitFor.java:40)
at com.pages.ProductListingPage.selectcolor(ProductListingPage.java:309)
at com.Tests.ProductListingPageTest.toVerifyApplyColorFiltersIsWorking(ProductListingPageTest.java:202)
at java.base/jdk.internal.reflect.DirectMethodHandleAccessor.invoke(DirectMethodHandleAccessor.java:103)
at java.base/java.lang.reflect.Method.invoke(Method.java:580)
at org.testng.internal.invokers.MethodInvocationHelper.invokeMethod(MethodInvocationHelper.java:141)
at org.testng.internal.invokers.TestInvoker.invokeMethod(TestInvoker.java:687)
at org.testng.internal.invokers.TestInvoker.invokeTestMethod(TestInvoker.java:230)
at org.testng.internal.invokers.MethodRunner.runInSequence(MethodRunner.java:63)
at org.testng.internal.invokers.TestInvoker$MethodInvocationAgent.invoke(TestInvoker.java:995)
at org.testng.internal.invokers.TestInvoker.invokeTestMethods(TestInvoker.java:203)
at org.testng.internal.invokers.TestMethodWorker.invokeTestMethods(TestMethodWorker.java:154)
at org.testng.internal.invokers.TestMethodWorker.run(TestMethodWorker.java:134)
at java.base/java.util.ArrayList.forEach(ArrayList.java:1596)
at org.testng.TestRunner.privateRun(TestRunner.java:741)
at org.testng.TestRunner.run(TestRunner.java:616)
at org.testng.SuiteRunner.runTest(SuiteRunner.java:421)
at org.testng.SuiteRunner$SuiteWorker.run(SuiteRunner.java:463)
at org.testng.internal.thread.ThreadUtil.lambda$execute$0(ThreadUtil.java:64)
at java.base/java.util.concurrent.FutureTask.run(FutureTask.java:317)
at java.base/java.util.concurrent.ThreadPoolExecutor.runWorker(ThreadPoolExecutor.java:1144)
at java.base/java.util.concurrent.ThreadPoolExecutor$Worker.run(ThreadPoolExecutor.java:642)
at java.base/java.lang.Thread.run(Thread.java:1583)
]]>
            </full-stacktrace>
          </exception> <!-- org.openqa.selenium.TimeoutException -->
          <reporter-output>
          </reporter-output>
        </test-method> <!-- toVerifyApplyColorFiltersIsWorking -->
        <test-method is-config="true" signature="closeBrowser()[pri:0, instance:com.Tests.ProductListingPageTest@180e6ac4]" started-at="2026-04-26T13:09:16 IST" name="closeBrowser" finished-at="2026-04-26T13:09:16 IST" duration-ms="249" status="PASS">
          <reporter-output>
          </reporter-output>
        </test-method> <!-- closeBrowser -->
        <test-method is-config="true" signature="setup()[pri:0, instance:com.Tests.ProductListingPageTest@180e6ac4]" started-at="2026-04-26T13:09:16 IST" name="setup" finished-at="2026-04-26T13:09:20 IST" duration-ms="3990" status="PASS">
          <reporter-output>
          </reporter-output>
        </test-method> <!-- setup -->
        <test-method signature="toVerifyApplyColorFiltersIsWorking(java.lang.String)[pri:0, instance:com.Tests.ProductListingPageTest@180e6ac4]" started-at="2026-04-26T13:09:20 IST" name="toVerifyApplyColorFiltersIsWorking" data-provider="colourDataForTshirts" finished-at="2026-04-26T13:09:24 IST" duration-ms="3545" status="PASS">
          <params>
            <param index="0">
              <value>
                <![CDATA[Blue]]>
              </value>
            </param>
          </params>
          <reporter-output>
          </reporter-output>
        </test-method> <!-- toVerifyApplyColorFiltersIsWorking -->
        <test-method is-config="true" signature="closeBrowser()[pri:0, instance:com.Tests.ProductListingPageTest@180e6ac4]" started-at="2026-04-26T13:09:24 IST" name="closeBrowser" finished-at="2026-04-26T13:09:24 IST" duration-ms="228" status="PASS">
          <reporter-output>
          </reporter-output>
        </test-method> <!-- closeBrowser -->
        <test-method is-config="true" signature="setup()[pri:0, instance:com.Tests.ProductListingPageTest@180e6ac4]" started-at="2026-04-26T13:09:24 IST" name="setup" finished-at="2026-04-26T13:09:28 IST" duration-ms="3737" status="PASS">
          <reporter-output>
          </reporter-output>
        </test-method> <!-- setup -->
        <test-method signature="toVerifyApplyColorFiltersIsWorking(java.lang.String)[pri:0, instance:com.Tests.ProductListingPageTest@180e6ac4]" started-at="2026-04-26T13:09:28 IST" name="toVerifyApplyColorFiltersIsWorking" data-provider="colourDataForTshirts" finished-at="2026-04-26T13:09:32 IST" duration-ms="4691" status="PASS">
          <params>
            <param index="0">
              <value>
                <![CDATA[Black]]>
              </value>
            </param>
          </params>
          <reporter-output>
          </reporter-output>
        </test-method> <!-- toVerifyApplyColorFiltersIsWorking -->
        <test-method is-config="true" signature="closeBrowser()[pri:0, instance:com.Tests.ProductListingPageTest@180e6ac4]" started-at="2026-04-26T13:09:32 IST" name="closeBrowser" finished-at="2026-04-26T13:09:33 IST" duration-ms="231" status="PASS">
          <reporter-output>
          </reporter-output>
        </test-method> <!-- closeBrowser -->
        <test-method is-config="true" signature="setup()[pri:0, instance:com.Tests.ProductListingPageTest@180e6ac4]" started-at="2026-04-26T13:09:33 IST" name="setup" finished-at="2026-04-26T13:09:35 IST" duration-ms="2314" status="PASS">
          <reporter-output>
          </reporter-output>
        </test-method> <!-- setup -->
        <test-method signature="toVerifyApplyColorFiltersIsWorking(java.lang.String)[pri:0, instance:com.Tests.ProductListingPageTest@180e6ac4]" started-at="2026-04-26T13:09:35 IST" name="toVerifyApplyColorFiltersIsWorking" data-provider="colourDataForTshirts" finished-at="2026-04-26T13:10:10 IST" duration-ms="35012" status="FAIL">
          <params>
            <param index="0">
              <value>
                <![CDATA[Brown]]>
              </value>
            </param>
          </params>
          <exception class="org.openqa.selenium.TimeoutException">
            <message>
              <![CDATA[Expected condition failed: waiting for element to be clickable: By.xpath: //li[@class='colour-listItem']//input[@value='Brown']/parent::label (tried for 30 second(s) with 500 milliseconds interval)
Build info: version: '4.34.0', revision: '707dcb4246*'
System info: os.name: 'Windows 11', os.arch: 'amd64', os.version: '10.0', java.version: '21.0.10'
Driver info: org.openqa.selenium.chrome.ChromeDriver
Capabilities {acceptInsecureCerts: false, browserName: chrome, browserVersion: 147.0.7727.102, chrome: {chromedriverVersion: 147.0.7727.117 (474cc805edd..., userDataDir: C:\Users\Rahul\AppData\Loca...}, fedcm:accounts: true, goog:chromeOptions: {debuggerAddress: localhost:56416}, goog:processID: 39656, networkConnectionEnabled: false, pageLoadStrategy: normal, platformName: windows, proxy: Proxy(), se:cdp: ws://localhost:56416/devtoo..., se:cdpVersion: 147.0.7727.102, setWindowRect: true, strictFileInteractability: false, timeouts: {implicit: 0, pageLoad: 300000, script: 30000}, unhandledPromptBehavior: dismiss and notify, webauthn:extension:credBlob: true, webauthn:extension:largeBlob: true, webauthn:extension:minPinLength: true, webauthn:extension:prf: true, webauthn:virtualAuthenticators: true}
Session ID: 255f8082be8cbc40800fe86d92a74ad9]]>
            </message>
            <full-stacktrace>
              <![CDATA[org.openqa.selenium.TimeoutException: Expected condition failed: waiting for element to be clickable: By.xpath: //li[@class='colour-listItem']//input[@value='Brown']/parent::label (tried for 30 second(s) with 500 milliseconds interval)
Build info: version: '4.34.0', revision: '707dcb4246*'
System info: os.name: 'Windows 11', os.arch: 'amd64', os.version: '10.0', java.version: '21.0.10'
Driver info: org.openqa.selenium.chrome.ChromeDriver
Capabilities {acceptInsecureCerts: false, browserName: chrome, browserVersion: 147.0.7727.102, chrome: {chromedriverVersion: 147.0.7727.117 (474cc805edd..., userDataDir: C:\Users\Rahul\AppData\Loca...}, fedcm:accounts: true, goog:chromeOptions: {debuggerAddress: localhost:56416}, goog:processID: 39656, networkConnectionEnabled: false, pageLoadStrategy: normal, platformName: windows, proxy: Proxy(), se:cdp: ws://localhost:56416/devtoo..., se:cdpVersion: 147.0.7727.102, setWindowRect: true, strictFileInteractability: false, timeouts: {implicit: 0, pageLoad: 300000, script: 30000}, unhandledPromptBehavior: dismiss and notify, webauthn:extension:credBlob: true, webauthn:extension:largeBlob: true, webauthn:extension:minPinLength: true, webauthn:extension:prf: true, webauthn:virtualAuthenticators: true}
Session ID: 255f8082be8cbc40800fe86d92a74ad9
at org.openqa.selenium.support.ui.WebDriverWait.timeoutException(WebDriverWait.java:84)
at org.openqa.selenium.support.ui.FluentWait.until(FluentWait.java:228)
at com.utilities.WaitFor.waitForElementToBeClickable(WaitFor.java:40)
at com.pages.ProductListingPage.selectcolor(ProductListingPage.java:309)
at com.Tests.ProductListingPageTest.toVerifyApplyColorFiltersIsWorking(ProductListingPageTest.java:202)
at java.base/jdk.internal.reflect.DirectMethodHandleAccessor.invoke(DirectMethodHandleAccessor.java:103)
at java.base/java.lang.reflect.Method.invoke(Method.java:580)
at org.testng.internal.invokers.MethodInvocationHelper.invokeMethod(MethodInvocationHelper.java:141)
at org.testng.internal.invokers.TestInvoker.invokeMethod(TestInvoker.java:687)
at org.testng.internal.invokers.TestInvoker.invokeTestMethod(TestInvoker.java:230)
at org.testng.internal.invokers.MethodRunner.runInSequence(MethodRunner.java:63)
at org.testng.internal.invokers.TestInvoker$MethodInvocationAgent.invoke(TestInvoker.java:995)
at org.testng.internal.invokers.TestInvoker.invokeTestMethods(TestInvoker.java:203)
at org.testng.internal.invokers.TestMethodWorker.invokeTestMethods(TestMethodWorker.java:154)
at org.testng.internal.invokers.TestMethodWorker.run(TestMethodWorker.java:134)
at java.base/java.util.ArrayList.forEach(ArrayList.java:1596)
at org.testng.TestRunner.privateRun(TestRunner.java:741)
at org.testng.TestRunner.run(TestRunner.java:616)
at org.testng.SuiteRunner.runTest(SuiteRunner.java:421)
at org.testng.SuiteRunner$SuiteWorker.run(SuiteRunner.java:463)
at org.testng.internal.thread.ThreadUtil.lambda$execute$0(ThreadUtil.java:64)
at java.base/java.util.concurrent.FutureTask.run(FutureTask.java:317)
at java.base/java.util.concurrent.ThreadPoolExecutor.runWorker(ThreadPoolExecutor.java:1144)
at java.base/java.util.concurrent.ThreadPoolExecutor$Worker.run(ThreadPoolExecutor.java:642)
at java.base/java.lang.Thread.run(Thread.java:1583)
]]>
            </full-stacktrace>
          </exception> <!-- org.openqa.selenium.TimeoutException -->
          <reporter-output>
          </reporter-output>
        </test-method> <!-- toVerifyApplyColorFiltersIsWorking -->
        <test-method is-config="true" signature="closeBrowser()[pri:0, instance:com.Tests.ProductListingPageTest@180e6ac4]" started-at="2026-04-26T13:10:10 IST" name="closeBrowser" finished-at="2026-04-26T13:10:11 IST" duration-ms="239" status="PASS">
          <reporter-output>
          </reporter-output>
        </test-method> <!-- closeBrowser -->
        <test-method is-config="true" signature="setup()[pri:0, instance:com.Tests.ProductListingPageTest@180e6ac4]" started-at="2026-04-26T13:10:11 IST" name="setup" finished-at="2026-04-26T13:10:13 IST" duration-ms="2370" status="PASS">
          <reporter-output>
          </reporter-output>
        </test-method> <!-- setup -->
        <test-method signature="toVerifyApplyColorFiltersIsWorking(java.lang.String)[pri:0, instance:com.Tests.ProductListingPageTest@180e6ac4]" started-at="2026-04-26T13:10:13 IST" name="toVerifyApplyColorFiltersIsWorking" data-provider="colourDataForTshirts" finished-at="2026-04-26T13:10:18 IST" duration-ms="4534" status="PASS">
          <params>
            <param index="0">
              <value>
                <![CDATA[Red]]>
              </value>
            </param>
          </params>
          <reporter-output>
          </reporter-output>
        </test-method> <!-- toVerifyApplyColorFiltersIsWorking -->
        <test-method is-config="true" signature="closeBrowser()[pri:0, instance:com.Tests.ProductListingPageTest@180e6ac4]" started-at="2026-04-26T13:10:18 IST" name="closeBrowser" finished-at="2026-04-26T13:10:18 IST" duration-ms="185" status="PASS">
          <reporter-output>
          </reporter-output>
        </test-method> <!-- closeBrowser -->
        <test-method is-config="true" signature="setup()[pri:0, instance:com.Tests.ProductListingPageTest@180e6ac4]" started-at="2026-04-26T13:10:18 IST" name="setup" finished-at="2026-04-26T13:10:25 IST" duration-ms="7696" status="PASS">
          <reporter-output>
          </reporter-output>
        </test-method> <!-- setup -->
        <test-method signature="toVerifyApplyColorFiltersIsWorking(java.lang.String)[pri:0, instance:com.Tests.ProductListingPageTest@180e6ac4]" started-at="2026-04-26T13:10:25 IST" name="toVerifyApplyColorFiltersIsWorking" data-provider="colourDataForTshirts" finished-at="2026-04-26T13:10:31 IST" duration-ms="5161" status="PASS">
          <params>
            <param index="0">
              <value>
                <![CDATA[Green]]>
              </value>
            </param>
          </params>
          <reporter-output>
          </reporter-output>
        </test-method> <!-- toVerifyApplyColorFiltersIsWorking -->
        <test-method is-config="true" signature="closeBrowser()[pri:0, instance:com.Tests.ProductListingPageTest@180e6ac4]" started-at="2026-04-26T13:10:31 IST" name="closeBrowser" finished-at="2026-04-26T13:10:31 IST" duration-ms="202" status="PASS">
          <reporter-output>
          </reporter-output>
        </test-method> <!-- closeBrowser -->
        <test-method is-config="true" signature="setup()[pri:0, instance:com.Tests.ProductListingPageTest@180e6ac4]" started-at="2026-04-26T13:10:31 IST" name="setup" finished-at="2026-04-26T13:10:33 IST" duration-ms="2584" status="PASS">
          <reporter-output>
          </reporter-output>
        </test-method> <!-- setup -->
        <test-method signature="toVerifyApplyColorFiltersIsWorking(java.lang.String)[pri:0, instance:com.Tests.ProductListingPageTest@180e6ac4]" started-at="2026-04-26T13:10:33 IST" name="toVerifyApplyColorFiltersIsWorking" data-provider="colourDataForTshirts" finished-at="2026-04-26T13:11:08 IST" duration-ms="34807" status="FAIL">
          <params>
            <param index="0">
              <value>
                <![CDATA[Multi]]>
              </value>
            </param>
          </params>
          <exception class="org.openqa.selenium.TimeoutException">
            <message>
              <![CDATA[Expected condition failed: waiting for element to be clickable: By.xpath: //li[@class='colour-listItem']//input[@value='Multi']/parent::label (tried for 30 second(s) with 500 milliseconds interval)
Build info: version: '4.34.0', revision: '707dcb4246*'
System info: os.name: 'Windows 11', os.arch: 'amd64', os.version: '10.0', java.version: '21.0.10'
Driver info: org.openqa.selenium.chrome.ChromeDriver
Capabilities {acceptInsecureCerts: false, browserName: chrome, browserVersion: 147.0.7727.102, chrome: {chromedriverVersion: 147.0.7727.117 (474cc805edd..., userDataDir: C:\Users\Rahul\AppData\Loca...}, fedcm:accounts: true, goog:chromeOptions: {debuggerAddress: localhost:64193}, goog:processID: 53508, networkConnectionEnabled: false, pageLoadStrategy: normal, platformName: windows, proxy: Proxy(), se:cdp: ws://localhost:64193/devtoo..., se:cdpVersion: 147.0.7727.102, setWindowRect: true, strictFileInteractability: false, timeouts: {implicit: 0, pageLoad: 300000, script: 30000}, unhandledPromptBehavior: dismiss and notify, webauthn:extension:credBlob: true, webauthn:extension:largeBlob: true, webauthn:extension:minPinLength: true, webauthn:extension:prf: true, webauthn:virtualAuthenticators: true}
Session ID: 4d33b7e6ef66bd7382679a93ffbcc8c4]]>
            </message>
            <full-stacktrace>
              <![CDATA[org.openqa.selenium.TimeoutException: Expected condition failed: waiting for element to be clickable: By.xpath: //li[@class='colour-listItem']//input[@value='Multi']/parent::label (tried for 30 second(s) with 500 milliseconds interval)
Build info: version: '4.34.0', revision: '707dcb4246*'
System info: os.name: 'Windows 11', os.arch: 'amd64', os.version: '10.0', java.version: '21.0.10'
Driver info: org.openqa.selenium.chrome.ChromeDriver
Capabilities {acceptInsecureCerts: false, browserName: chrome, browserVersion: 147.0.7727.102, chrome: {chromedriverVersion: 147.0.7727.117 (474cc805edd..., userDataDir: C:\Users\Rahul\AppData\Loca...}, fedcm:accounts: true, goog:chromeOptions: {debuggerAddress: localhost:64193}, goog:processID: 53508, networkConnectionEnabled: false, pageLoadStrategy: normal, platformName: windows, proxy: Proxy(), se:cdp: ws://localhost:64193/devtoo..., se:cdpVersion: 147.0.7727.102, setWindowRect: true, strictFileInteractability: false, timeouts: {implicit: 0, pageLoad: 300000, script: 30000}, unhandledPromptBehavior: dismiss and notify, webauthn:extension:credBlob: true, webauthn:extension:largeBlob: true, webauthn:extension:minPinLength: true, webauthn:extension:prf: true, webauthn:virtualAuthenticators: true}
Session ID: 4d33b7e6ef66bd7382679a93ffbcc8c4
at org.openqa.selenium.support.ui.WebDriverWait.timeoutException(WebDriverWait.java:84)
at org.openqa.selenium.support.ui.FluentWait.until(FluentWait.java:228)
at com.utilities.WaitFor.waitForElementToBeClickable(WaitFor.java:40)
at com.pages.ProductListingPage.selectcolor(ProductListingPage.java:309)
at com.Tests.ProductListingPageTest.toVerifyApplyColorFiltersIsWorking(ProductListingPageTest.java:202)
at java.base/jdk.internal.reflect.DirectMethodHandleAccessor.invoke(DirectMethodHandleAccessor.java:103)
at java.base/java.lang.reflect.Method.invoke(Method.java:580)
at org.testng.internal.invokers.MethodInvocationHelper.invokeMethod(MethodInvocationHelper.java:141)
at org.testng.internal.invokers.TestInvoker.invokeMethod(TestInvoker.java:687)
at org.testng.internal.invokers.TestInvoker.invokeTestMethod(TestInvoker.java:230)
at org.testng.internal.invokers.MethodRunner.runInSequence(MethodRunner.java:63)
at org.testng.internal.invokers.TestInvoker$MethodInvocationAgent.invoke(TestInvoker.java:995)
at org.testng.internal.invokers.TestInvoker.invokeTestMethods(TestInvoker.java:203)
at org.testng.internal.invokers.TestMethodWorker.invokeTestMethods(TestMethodWorker.java:154)
at org.testng.internal.invokers.TestMethodWorker.run(TestMethodWorker.java:134)
at java.base/java.util.ArrayList.forEach(ArrayList.java:1596)
at org.testng.TestRunner.privateRun(TestRunner.java:741)
at org.testng.TestRunner.run(TestRunner.java:616)
at org.testng.SuiteRunner.runTest(SuiteRunner.java:421)
at org.testng.SuiteRunner$SuiteWorker.run(SuiteRunner.java:463)
at org.testng.internal.thread.ThreadUtil.lambda$execute$0(ThreadUtil.java:64)
at java.base/java.util.concurrent.FutureTask.run(FutureTask.java:317)
at java.base/java.util.concurrent.ThreadPoolExecutor.runWorker(ThreadPoolExecutor.java:1144)
at java.base/java.util.concurrent.ThreadPoolExecutor$Worker.run(ThreadPoolExecutor.java:642)
at java.base/java.lang.Thread.run(Thread.java:1583)
]]>
            </full-stacktrace>
          </exception> <!-- org.openqa.selenium.TimeoutException -->
          <reporter-output>
          </reporter-output>
        </test-method> <!-- toVerifyApplyColorFiltersIsWorking -->
        <test-method is-config="true" signature="closeBrowser()[pri:0, instance:com.Tests.ProductListingPageTest@180e6ac4]" started-at="2026-04-26T13:11:09 IST" name="closeBrowser" finished-at="2026-04-26T13:11:09 IST" duration-ms="271" status="PASS">
          <reporter-output>
          </reporter-output>
        </test-method> <!-- closeBrowser -->
[...]
          <reporter-output>
          </reporter-output>
        </test-method> <!-- setup -->
        <test-method signature="verifyPincodeWithoutSizeSelection()[pri:0, instance:com.Tests.ProductDetailsTest@42b64ab8]" started-at="2026-04-26T13:25:43 IST" name="verifyPincodeWithoutSizeSelection" finished-at="2026-04-26T13:25:50 IST" duration-ms="7056" status="PASS">
          <reporter-output>
          </reporter-output>
        </test-method> <!-- verifyPincodeWithoutSizeSelection -->
        <test-method is-config="true" signature="closeBrowser()[pri:0, instance:com.Tests.ProductDetailsTest@42b64ab8]" started-at="2026-04-26T13:25:50 IST" name="closeBrowser" finished-at="2026-04-26T13:25:50 IST" duration-ms="241" status="PASS">
          <reporter-output>
          </reporter-output>
        </test-method> <!-- closeBrowser -->
        <test-method is-config="true" signature="setup()[pri:0, instance:com.Tests.ProductDetailsTest@42b64ab8]" started-at="2026-04-26T13:25:50 IST" name="setup" finished-at="2026-04-26T13:25:54 IST" duration-ms="3669" status="PASS">
          <reporter-output>
          </reporter-output>
        </test-method> <!-- setup -->
        <test-method signature="verifyProductImage()[pri:0, instance:com.Tests.ProductDetailsTest@42b64ab8]" started-at="2026-04-26T13:25:54 IST" name="verifyProductImage" finished-at="2026-04-26T13:25:58 IST" duration-ms="3901" status="PASS">
          <reporter-output>
          </reporter-output>
        </test-method> <!-- verifyProductImage -->
        <test-method is-config="true" signature="closeBrowser()[pri:0, instance:com.Tests.ProductDetailsTest@42b64ab8]" started-at="2026-04-26T13:25:58 IST" name="closeBrowser" finished-at="2026-04-26T13:25:58 IST" duration-ms="215" status="PASS">
          <reporter-output>
          </reporter-output>
        </test-method> <!-- closeBrowser -->
        <test-method is-config="true" signature="setup()[pri:0, instance:com.Tests.ProductDetailsTest@42b64ab8]" started-at="2026-04-26T13:25:58 IST" name="setup" finished-at="2026-04-26T13:26:02 IST" duration-ms="3600" status="PASS">
          <reporter-output>
          </reporter-output>
        </test-method> <!-- setup -->
        <test-method signature="verifySizeErrorOnAddToBag()[pri:0, instance:com.Tests.ProductDetailsTest@42b64ab8]" started-at="2026-04-26T13:26:02 IST" name="verifySizeErrorOnAddToBag" finished-at="2026-04-26T13:26:08 IST" duration-ms="6550" status="FAIL">
          <exception class="java.lang.AssertionError">
            <message>
              <![CDATA[Pincode message not displayed properly: Please select a size expected [true] but found [false]]]>
            </message>
            <full-stacktrace>
              <![CDATA[java.lang.AssertionError: Pincode message not displayed properly: Please select a size expected [true] but found [false]
at org.testng.Assert.fail(Assert.java:111)
at org.testng.Assert.failNotEquals(Assert.java:1590)
at org.testng.Assert.assertTrue(Assert.java:57)
at com.Tests.ProductDetailsTest.verifySizeErrorOnAddToBag(ProductDetailsTest.java:103)
at java.base/jdk.internal.reflect.DirectMethodHandleAccessor.invoke(DirectMethodHandleAccessor.java:103)
at java.base/java.lang.reflect.Method.invoke(Method.java:580)
at org.testng.internal.invokers.MethodInvocationHelper.invokeMethod(MethodInvocationHelper.java:141)
at org.testng.internal.invokers.TestInvoker.invokeMethod(TestInvoker.java:687)
at org.testng.internal.invokers.TestInvoker.invokeTestMethod(TestInvoker.java:230)
at org.testng.internal.invokers.MethodRunner.runInSequence(MethodRunner.java:63)
at org.testng.internal.invokers.TestInvoker$MethodInvocationAgent.invoke(TestInvoker.java:995)
at org.testng.internal.invokers.TestInvoker.invokeTestMethods(TestInvoker.java:203)
at org.testng.internal.invokers.TestMethodWorker.invokeTestMethods(TestMethodWorker.java:154)
at org.testng.internal.invokers.TestMethodWorker.run(TestMethodWorker.java:134)
at java.base/java.util.ArrayList.forEach(ArrayList.java:1596)
at org.testng.TestRunner.privateRun(TestRunner.java:741)
at org.testng.TestRunner.run(TestRunner.java:616)
at org.testng.SuiteRunner.runTest(SuiteRunner.java:421)
at org.testng.SuiteRunner$SuiteWorker.run(SuiteRunner.java:463)
at org.testng.internal.thread.ThreadUtil.lambda$execute$0(ThreadUtil.java:64)
at java.base/java.util.concurrent.FutureTask.run(FutureTask.java:317)
at java.base/java.util.concurrent.ThreadPoolExecutor.runWorker(ThreadPoolExecutor.java:1144)
at java.base/java.util.concurrent.ThreadPoolExecutor$Worker.run(ThreadPoolExecutor.java:642)
at java.base/java.lang.Thread.run(Thread.java:1583)
]]>
            </full-stacktrace>
          </exception> <!-- java.lang.AssertionError -->
          <reporter-output>
          </reporter-output>
        </test-method> <!-- verifySizeErrorOnAddToBag -->
        <test-method is-config="true" signature="closeBrowser()[pri:0, instance:com.Tests.ProductDetailsTest@42b64ab8]" started-at="2026-04-26T13:26:09 IST" name="closeBrowser" finished-at="2026-04-26T13:26:09 IST" duration-ms="258" status="PASS">
          <reporter-output>
          </reporter-output>
        </test-method> <!-- closeBrowser -->
        <test-method is-config="true" signature="setup()[pri:0, instance:com.Tests.ProductDetailsTest@42b64ab8]" started-at="2026-04-26T13:26:09 IST" name="setup" finished-at="2026-04-26T13:26:13 IST" duration-ms="3687" status="PASS">
          <reporter-output>
          </reporter-output>
        </test-method> <!-- setup -->
        <test-method signature="verifySizeSelection()[pri:0, instance:com.Tests.ProductDetailsTest@42b64ab8]" started-at="2026-04-26T13:26:13 IST" name="verifySizeSelection" finished-at="2026-04-26T13:26:18 IST" duration-ms="5289" status="PASS">
          <reporter-output>
          </reporter-output>
        </test-method> <!-- verifySizeSelection -->
        <test-method is-config="true" signature="closeBrowser()[pri:0, instance:com.Tests.ProductDetailsTest@42b64ab8]" started-at="2026-04-26T13:26:18 IST" name="closeBrowser" finished-at="2026-04-26T13:26:18 IST" duration-ms="242" status="PASS">
          <reporter-output>
          </reporter-output>
        </test-method> <!-- closeBrowser -->
        <test-method is-config="true" signature="setup()[pri:0, instance:com.Tests.ProductDetailsTest@42b64ab8]" started-at="2026-04-26T13:26:18 IST" name="setup" finished-at="2026-04-26T13:26:22 IST" duration-ms="3702" status="PASS">
          <reporter-output>
          </reporter-output>
        </test-method> <!-- setup -->
        <test-method signature="verifyValidPincode()[pri:0, instance:com.Tests.ProductDetailsTest@42b64ab8]" started-at="2026-04-26T13:26:22 IST" name="verifyValidPincode" finished-at="2026-04-26T13:26:28 IST" duration-ms="6380" status="PASS">
          <reporter-output>
          </reporter-output>
        </test-method> <!-- verifyValidPincode -->
        <test-method is-config="true" signature="closeBrowser()[pri:0, instance:com.Tests.ProductDetailsTest@42b64ab8]" started-at="2026-04-26T13:26:28 IST" name="closeBrowser" finished-at="2026-04-26T13:26:28 IST" duration-ms="218" status="PASS">
          <reporter-output>
          </reporter-output>
        </test-method> <!-- closeBrowser -->
        <test-method is-config="true" signature="setup()[pri:0, instance:com.Tests.ProductDetailsTest@42b64ab8]" started-at="2026-04-26T13:26:28 IST" name="setup" finished-at="2026-04-26T13:26:32 IST" duration-ms="3635" status="PASS">
          <reporter-output>
          </reporter-output>
        </test-method> <!-- setup -->
        <test-method signature="verifyValidPincodeIsAccepted(java.lang.String)[pri:0, instance:com.Tests.ProductDetailsTest@42b64ab8]" started-at="2026-04-26T13:26:32 IST" name="verifyValidPincodeIsAccepted" data-provider="validPincodes" finished-at="2026-04-26T13:26:42 IST" duration-ms="9534" status="PASS">
          <params>
            <param index="0">
              <value>
                <![CDATA[400001]]>
              </value>
            </param>
          </params>
          <reporter-output>
          </reporter-output>
        </test-method> <!-- verifyValidPincodeIsAccepted -->
        <test-method is-config="true" signature="closeBrowser()[pri:0, instance:com.Tests.ProductDetailsTest@42b64ab8]" started-at="2026-04-26T13:26:42 IST" name="closeBrowser" finished-at="2026-04-26T13:26:42 IST" duration-ms="208" status="PASS">
          <reporter-output>
          </reporter-output>
        </test-method> <!-- closeBrowser -->
        <test-method is-config="true" signature="setup()[pri:0, instance:com.Tests.ProductDetailsTest@42b64ab8]" started-at="2026-04-26T13:26:42 IST" name="setup" finished-at="2026-04-26T13:26:46 IST" duration-ms="3791" status="PASS">
          <reporter-output>
          </reporter-output>
        </test-method> <!-- setup -->
        <test-method signature="verifyValidPincodeIsAccepted(java.lang.String)[pri:0, instance:com.Tests.ProductDetailsTest@42b64ab8]" started-at="2026-04-26T13:26:46 IST" name="verifyValidPincodeIsAccepted" data-provider="validPincodes" finished-at="2026-04-26T13:26:56 IST" duration-ms="10907" status="PASS">
          <params>
            <param index="0">
              <value>
                <![CDATA[110001]]>
              </value>
            </param>
          </params>
          <reporter-output>
          </reporter-output>
        </test-method> <!-- verifyValidPincodeIsAccepted -->
        <test-method is-config="true" signature="closeBrowser()[pri:0, instance:com.Tests.ProductDetailsTest@42b64ab8]" started-at="2026-04-26T13:26:56 IST" name="closeBrowser" finished-at="2026-04-26T13:26:57 IST" duration-ms="198" status="PASS">
          <reporter-output>
          </reporter-output>
        </test-method> <!-- closeBrowser -->
        <test-method is-config="true" signature="setup()[pri:0, instance:com.Tests.ProductDetailsTest@42b64ab8]" started-at="2026-04-26T13:26:57 IST" name="setup" finished-at="2026-04-26T13:27:00 IST" duration-ms="3700" status="PASS">
          <reporter-output>
          </reporter-output>
        </test-method> <!-- setup -->
        <test-method signature="verifyValidPincodeIsAccepted(java.lang.String)[pri:0, instance:com.Tests.ProductDetailsTest@42b64ab8]" started-at="2026-04-26T13:27:00 IST" name="verifyValidPincodeIsAccepted" data-provider="validPincodes" finished-at="2026-04-26T13:27:09 IST" duration-ms="8141" status="PASS">
          <params>
            <param index="0">
              <value>
                <![CDATA[411001]]>
              </value>
            </param>
          </params>
          <reporter-output>
          </reporter-output>
        </test-method> <!-- verifyValidPincodeIsAccepted -->
        <test-method is-config="true" signature="closeBrowser()[pri:0, instance:com.Tests.ProductDetailsTest@42b64ab8]" started-at="2026-04-26T13:27:09 IST" name="closeBrowser" finished-at="2026-04-26T13:27:09 IST" duration-ms="209" status="PASS">
          <reporter-output>
          </reporter-output>
        </test-method> <!-- closeBrowser -->
        <test-method is-config="true" signature="setup()[pri:0, instance:com.Tests.ProductDetailsTest@42b64ab8]" started-at="2026-04-26T13:27:09 IST" name="setup" finished-at="2026-04-26T13:27:11 IST" duration-ms="2455" status="PASS">
          <reporter-output>
          </reporter-output>
        </test-method> <!-- setup -->
        <test-method signature="verifyValidPincodeIsAccepted(java.lang.String)[pri:0, instance:com.Tests.ProductDetailsTest@42b64ab8]" started-at="2026-04-26T13:27:11 IST" name="verifyValidPincodeIsAccepted" data-provider="validPincodes" finished-at="2026-04-26T13:27:20 IST" duration-ms="8777" status="PASS">
          <params>
            <param index="0">
              <value>
                <![CDATA[560001]]>
              </value>
            </param>
          </params>
          <reporter-output>
          </reporter-output>
        </test-method> <!-- verifyValidPincodeIsAccepted -->
        <test-method is-config="true" signature="closeBrowser()[pri:0, instance:com.Tests.ProductDetailsTest@42b64ab8]" started-at="2026-04-26T13:27:20 IST" name="closeBrowser" finished-at="2026-04-26T13:27:20 IST" duration-ms="283" status="PASS">
          <reporter-output>
          </reporter-output>
        </test-method> <!-- closeBrowser -->
        <test-method is-config="true" signature="setup()[pri:0, instance:com.Tests.ProductDetailsTest@42b64ab8]" started-at="2026-04-26T13:27:21 IST" name="setup" finished-at="2026-04-26T13:27:23 IST" duration-ms="2314" status="PASS">
          <reporter-output>
          </reporter-output>
        </test-method> <!-- setup -->
        <test-method signature="verifyValidPincodeIsAcceptedUsingExcel(java.lang.String)[pri:0, instance:com.Tests.ProductDetailsTest@42b64ab8]" started-at="2026-04-26T13:27:23 IST" name="verifyValidPincodeIsAcceptedUsingExcel" data-provider="validPincode" finished-at="2026-04-26T13:27:34 IST" duration-ms="10472" status="PASS">
          <params>
            <param index="0">
              <value>
                <![CDATA[411001]]>
              </value>
            </param>
          </params>
          <reporter-output>
          </reporter-output>
        </test-method> <!-- verifyValidPincodeIsAcceptedUsingExcel -->
        <test-method is-config="true" signature="closeBrowser()[pri:0, instance:com.Tests.ProductDetailsTest@42b64ab8]" started-at="2026-04-26T13:27:34 IST" name="closeBrowser" finished-at="2026-04-26T13:27:34 IST" duration-ms="224" status="PASS">
          <reporter-output>
          </reporter-output>
        </test-method> <!-- closeBrowser -->
        <test-method is-config="true" signature="setup()[pri:0, instance:com.Tests.ProductDetailsTest@42b64ab8]" started-at="2026-04-26T13:27:34 IST" name="setup" finished-at="2026-04-26T13:27:38 IST" duration-ms="3715" status="PASS">
          <reporter-output>
          </reporter-output>
        </test-method> <!-- setup -->
        <test-method signature="verifyValidPincodeIsAcceptedUsingExcel(java.lang.String)[pri:0, instance:com.Tests.ProductDetailsTest@42b64ab8]" started-at="2026-04-26T13:27:38 IST" name="verifyValidPincodeIsAcceptedUsingExcel" data-provider="validPincode" finished-at="2026-04-26T13:27:45 IST" duration-ms="7881" status="PASS">
          <params>
            <param index="0">
              <value>
                <![CDATA[400001]]>
              </value>
            </param>
          </params>
          <reporter-output>
          </reporter-output>
        </test-method> <!-- verifyValidPincodeIsAcceptedUsingExcel -->
        <test-method is-config="true" signature="closeBrowser()[pri:0, instance:com.Tests.ProductDetailsTest@42b64ab8]" started-at="2026-04-26T13:27:45 IST" name="closeBrowser" finished-at="2026-04-26T13:27:46 IST" duration-ms="319" status="PASS">
          <reporter-output>
          </reporter-output>
        </test-method> <!-- closeBrowser -->
        <test-method is-config="true" signature="setup()[pri:0, instance:com.Tests.ProductDetailsTest@42b64ab8]" started-at="2026-04-26T13:27:46 IST" name="setup" finished-at="2026-04-26T13:27:48 IST" duration-ms="2272" status="PASS">
          <reporter-output>
          </reporter-output>
        </test-method> <!-- setup -->
        <test-method signature="verifyValidPincodeIsAcceptedUsingExcel(java.lang.String)[pri:0, instance:com.Tests.ProductDetailsTest@42b64ab8]" started-at="2026-04-26T13:27:48 IST" name="verifyValidPincodeIsAcceptedUsingExcel" data-provider="validPincode" finished-at="2026-04-26T13:27:57 IST" duration-ms="8797" status="PASS">
          <params>
            <param index="0">
              <value>
                <![CDATA[110001]]>
              </value>
            </param>
          </params>
          <reporter-output>
          </reporter-output>
        </test-method> <!-- verifyValidPincodeIsAcceptedUsingExcel -->
        <test-method is-config="true" signature="closeBrowser()[pri:0, instance:com.Tests.ProductDetailsTest@42b64ab8]" started-at="2026-04-26T13:27:57 IST" name="closeBrowser" finished-at="2026-04-26T13:27:57 IST" duration-ms="239" status="PASS">
          <reporter-output>
          </reporter-output>
        </test-method> <!-- closeBrowser -->
        <test-method is-config="true" signature="setup()[pri:0, instance:com.Tests.ProductDetailsTest@42b64ab8]" started-at="2026-04-26T13:27:57 IST" name="setup" finished-at="2026-04-26T13:27:59 IST" duration-ms="2331" status="PASS">
          <reporter-output>
          </reporter-output>
        </test-method> <!-- setup -->
        <test-method signature="verifyValidPincodeIsAcceptedUsingExcel(java.lang.String)[pri:0, instance:com.Tests.ProductDetailsTest@42b64ab8]" started-at="2026-04-26T13:27:59 IST" name="verifyValidPincodeIsAcceptedUsingExcel" data-provider="validPincode" finished-at="2026-04-26T13:28:08 IST" duration-ms="9147" status="PASS">
          <params>
            <param index="0">
              <value>
                <![CDATA[560001]]>
              </value>
            </param>
          </params>
          <reporter-output>
          </reporter-output>
        </test-method> <!-- verifyValidPincodeIsAcceptedUsingExcel -->
        <test-method is-config="true" signature="closeBrowser()[pri:0, instance:com.Tests.ProductDetailsTest@42b64ab8]" started-at="2026-04-26T13:28:08 IST" name="closeBrowser" finished-at="2026-04-26T13:28:09 IST" duration-ms="221" status="PASS">
          <reporter-output>
          </reporter-output>
        </test-method> <!-- closeBrowser -->
        <test-method is-config="true" signature="setup()[pri:0, instance:com.Tests.ProductDetailsTest@42b64ab8]" started-at="2026-04-26T13:28:09 IST" name="setup" finished-at="2026-04-26T13:28:12 IST" duration-ms="3767" status="PASS">
          <reporter-output>
          </reporter-output>
        </test-method> <!-- setup -->
        <test-method signature="verifyWishlist()[pri:0, instance:com.Tests.ProductDetailsTest@42b64ab8]" started-at="2026-04-26T13:28:12 IST" name="verifyWishlist" finished-at="2026-04-26T13:28:19 IST" duration-ms="6019" status="PASS">
          <reporter-output>
          </reporter-output>
        </test-method> <!-- verifyWishlist -->
        <test-method is-config="true" signature="closeBrowser()[pri:0, instance:com.Tests.ProductDetailsTest@42b64ab8]" started-at="2026-04-26T13:28:19 IST" name="closeBrowser" finished-at="2026-04-26T13:28:19 IST" duration-ms="282" status="PASS">
          <reporter-output>
          </reporter-output>
        </test-method> <!-- closeBrowser -->
        <test-method is-config="true" signature="setup()[pri:0, instance:com.Tests.ProductDetailsTest@42b64ab8]" started-at="2026-04-26T13:28:19 IST" name="setup" finished-at="2026-04-26T13:28:23 IST" duration-ms="3788" status="PASS">
          <reporter-output>
          </reporter-output>
        </test-method> <!-- setup -->
        <test-method signature="verifyWishlistWithoutAction()[pri:0, instance:com.Tests.ProductDetailsTest@42b64ab8]" started-at="2026-04-26T13:28:23 IST" name="verifyWishlistWithoutAction" finished-at="2026-04-26T13:28:26 IST" duration-ms="3726" status="PASS">
          <reporter-output>
          </reporter-output>
        </test-method> <!-- verifyWishlistWithoutAction -->
        <test-method is-config="true" signature="closeBrowser()[pri:0, instance:com.Tests.ProductDetailsTest@42b64ab8]" started-at="2026-04-26T13:28:26 IST" name="closeBrowser" finished-at="2026-04-26T13:28:26 IST" duration-ms="182" status="PASS">
          <reporter-output>
          </reporter-output>
        </test-method> <!-- closeBrowser -->
      </class> <!-- com.Tests.ProductDetailsTest -->
    </test> <!-- AllTest -->
  </suite> <!-- Suite -->
</testng-results>
